#
# A fatal error has been detected by the Java Runtime Environment:
#
#  SIGBUS (0xa) at pc=0x0000000103854fa0, pid=70167, tid=24835
#
# JRE version: Java(TM) SE Runtime Environment (9.0+11) (build 9.0.4+11)
# Java VM: Java HotSpot(TM) 64-Bit Server VM (9.0.4+11, mixed mode, tiered, compressed oops, g1 gc, bsd-amd64)
# Problematic frame:
# V  [libjvm.dylib+0x454fa0]
#
# No core dump will be written. Core dumps have been disabled. To enable core dumping, try "ulimit -c unlimited" before starting Java again
#
# If you would like to submit a bug report, please visit:
#   http://bugreport.java.com/bugreport/crash.jsp
#

---------------  S U M M A R Y ------------

Command Line: -agentlib:jdwp=transport=dt_socket,address=127.0.0.1:52547,suspend=y,server=n -javaagent:/Users/mollyroseclarfeld/Library/Caches/IntelliJIdea2017.3/captureAgent/debugger-agent.jar=/private/var/folders/hy/q56dnb993f7dvrs_g1ymnxh40000gn/T/capture.props -Dfile.encoding=UTF-8 lexer.LexicalAnalyzer

Host: MacBookAir7,2 x86_64 2200 MHz, 4 cores, 8G, Darwin 16.7.0
Time: Fri Mar  2 01:17:37 2018 EST elapsed time: 888 seconds (0d 0h 14m 48s)

---------------  T H R E A D  ---------------

Current thread (0x00007fb71a845000):  JavaThread "JDWP Transport Listener: dt_socket" daemon [_thread_in_vm, id=24835, stack(0x0000700004fe6000,0x00007000050e6000)]

Stack: [0x0000700004fe6000,0x00007000050e6000],  sp=0x00007000050e5a20,  free space=1022k
Native frames: (J=compiled Java code, A=aot compiled Java code, j=interpreted, Vv=VM code, C=native code)
V  [libjvm.dylib+0x454fa0]
V  [libjvm.dylib+0x494a21]
V  [libjvm.dylib+0x45d14f]
C  [libjdwp.dylib+0x40a5]  bytecodes+0xcc
C  [libjdwp.dylib+0xeda6]  debugLoop_run+0x1ee
C  [libjdwp.dylib+0x1fccc]  attachThread+0x4b
V  [libjvm.dylib+0x4a6102]
V  [libjvm.dylib+0x6f8910]
V  [libjvm.dylib+0x5f02f3]
C  [libsystem_pthread.dylib+0x393b]  _pthread_body+0xb4
C  [libsystem_pthread.dylib+0x3887]  _pthread_body+0x0
C  [libsystem_pthread.dylib+0x308d]  thread_start+0xd
C  0x0000000000000000


siginfo: si_signo: 10 (SIGBUS), si_code: 2 (BUS_ADRERR), si_addr: 0x000000010c149050

Register to memory mapping:

RAX=0x000000010c097040 is pointing into metadata
RBX=0x00007fb7198b0c45 is an unknown value
RCX=0x00000000000b2000 is an unknown value
RDX=0x0000000000000000 is an unknown value
RSP=0x00007000050e5a20 is pointing into the stack for thread: 0x00007fb71a845000
RBP=0x00007000050e5a90 is pointing into the stack for thread: 0x00007fb71a845000
RSI=0x000000010c093b96 is pointing into metadata
RDI=0x00007fb7198b0c46 is an unknown value
R8 =0x0000000000000002 is an unknown value
R9 =0x00007fb7198b0a00 is an unknown value
R10=0x00007fb719800000 is an unknown value
R11=0x00007fb60d81d0b0 is an unknown value
R12=0x0000000000000003 is an unknown value
R13=0x00007fb7198b0c46 is an unknown value
R14=0x000000010c093b96 is pointing into metadata
R15=0x0000000000000000 is an unknown value


Registers:
RAX=0x000000010c097040, RBX=0x00007fb7198b0c45, RCX=0x00000000000b2000, RDX=0x0000000000000000
RSP=0x00007000050e5a20, RBP=0x00007000050e5a90, RSI=0x000000010c093b96, RDI=0x00007fb7198b0c46
R8 =0x0000000000000002, R9 =0x00007fb7198b0a00, R10=0x00007fb719800000, R11=0x00007fb60d81d0b0
R12=0x0000000000000003, R13=0x00007fb7198b0c46, R14=0x000000010c093b96, R15=0x0000000000000000
RIP=0x0000000103854fa0, EFLAGS=0x0000000000010206, ERR=0x0000000000000004
  TRAPNO=0x000000000000000e

Top of Stack: (sp=0x00007000050e5a20)
0x00007000050e5a20:   00007000050e5aa0 0000000419423778
0x00007000050e5a30:   00007fb7198b0a00 000000010c0944f8
0x00007000050e5a40:   00007fb71a845000 0000024800000245
0x00007000050e5a50:   000000b200000a5a 000000b200000000
0x00007000050e5a60:   152d9358ce280042 0000000000000a5a
0x00007000050e5a70:   000000000000006e 00007fb719423778
0x00007000050e5a80:   00007000050e5b9c 00007000050e5ba0
0x00007000050e5a90:   00007000050e5b10 0000000103894a21
0x00007000050e5aa0:   000000010c0944f8 00007fb71a845000
0x00007000050e5ab0:   00007fb71a845000 00007fb719627ea0
0x00007000050e5ac0:   00007fb719627ee0 00007fb719627ef0
0x00007000050e5ad0:   00007fb719627fc8 00000000000000d8
0x00007000050e5ae0:   00007000050e5e40 000000010c0944f8
0x00007000050e5af0:   0000000000000064 00007fb719403770
0x00007000050e5b00:   00007fb71a845000 00007000050e5b9c
0x00007000050e5b10:   00007000050e5b80 000000010385d14f
0x00007000050e5b20:   00007000050e5ba0 00007fb71a845000
0x00007000050e5b30:   0000000000000000 0000000100000000
0x00007000050e5b40:   0000000000000000 00007fb71a845000
0x00007000050e5b50:   00007fb71a845000 000000010410afe0
0x00007000050e5b60:   000000010410afe0 152d9358ce280042
0x00007000050e5b70:   00007fb719423778 00007000050e5c38
0x00007000050e5b80:   00007000050e5bc0 00000001040db0a5
0x00007000050e5b90:   000000000003ef54 00000a5a050e5c38
0x00007000050e5ba0:   00007fb7198b0a00 00007000050e5bf0
0x00007000050e5bb0:   00007000050e5c38 00007fb7195507e0
0x00007000050e5bc0:   00007000050e5df0 00000001040e5da6
0x00007000050e5bd0:   0003ef540000001b 0000000103030600
0x00007000050e5be0:   00007fb71954a810 00000001039f3ed2
0x00007000050e5bf0:   00007fb71954a820 000000000000000b
0x00007000050e5c00:   0003ef540000001b 0000000103030600
0x00007000050e5c10:   00007fb71954a810 00007fb7194209f0 

Instructions: (pc=0x0000000103854fa0)
0x0000000103854f80:   87 af 00 00 00 48 8b 45 90 48 8b 00 48 8b 40 08
0x0000000103854f90:   48 8b 40 08 48 8b 40 10 41 0f b7 0e 48 c1 e1 05
0x0000000103854fa0:   48 8b 44 08 10 66 c1 c0 08 66 41 89 45 00 e9 81
0x0000000103854fb0:   00 00 00 41 83 ff 13 75 7b b0 01 8b 4d c4 83 e1 


---------------  P R O C E S S  ---------------

Java Threads: ( => current thread )
  0x00007fb71b0c9000 JavaThread "Service Thread" daemon [_thread_blocked, id=26371, stack(0x00007000052ef000,0x00007000053ef000)]
  0x00007fb71a845800 JavaThread "JDWP Command Reader" daemon [_thread_in_native, id=25859, stack(0x00007000051ec000,0x00007000052ec000)]
  0x00007fb71a029000 JavaThread "JDWP Event Helper Thread" daemon [_thread_blocked, id=25347, stack(0x00007000050e9000,0x00007000051e9000)]
=>0x00007fb71a845000 JavaThread "JDWP Transport Listener: dt_socket" daemon [_thread_in_vm, id=24835, stack(0x0000700004fe6000,0x00007000050e6000)]
  0x00007fb71b07b000 JavaThread "Common-Cleaner" daemon [_thread_blocked, id=24323, stack(0x0000700004ee3000,0x0000700004fe3000)]
  0x00007fb71a028000 JavaThread "Sweeper thread" daemon [_thread_blocked, id=23811, stack(0x0000700004de0000,0x0000700004ee0000)]
  0x00007fb71a80b800 JavaThread "C1 CompilerThread2" daemon [_thread_blocked, id=23299, stack(0x0000700004cdd000,0x0000700004ddd000)]
  0x00007fb71b071000 JavaThread "C2 CompilerThread1" daemon [_thread_blocked, id=22787, stack(0x0000700004bda000,0x0000700004cda000)]
  0x00007fb71b070000 JavaThread "C2 CompilerThread0" daemon [_thread_blocked, id=22275, stack(0x0000700004ad7000,0x0000700004bd7000)]
  0x00007fb71b06f800 JavaThread "Signal Dispatcher" daemon [_thread_blocked, id=21763, stack(0x00007000049d4000,0x0000700004ad4000)]
  0x00007fb71a022000 JavaThread "Finalizer" daemon [_thread_blocked, id=17667, stack(0x00007000048d1000,0x00007000049d1000)]
  0x00007fb71a01f800 JavaThread "Reference Handler" daemon [_thread_blocked, id=17155, stack(0x00007000047ce000,0x00007000048ce000)]
  0x00007fb71a003000 JavaThread "main" [_thread_blocked, id=7427, stack(0x0000700003aa7000,0x0000700003ba7000)]

Other Threads:
  0x00007fb71a036000 VMThread "VM Thread" [stack: 0x00007000046cb000,0x00007000047cb000] [id=16643]
  0x00007fb719887000 WatcherThread [stack: 0x00007000053f2000,0x00007000054f2000] [id=26883]
  0x00007fb71a014000 GCTaskThread "GC Thread#0" [stack: 0x0000700003baa000,0x0000700003caa000] [id=10499]
  0x00007fb71a014800 GCTaskThread "GC Thread#1" [stack: 0x0000700003cad000,0x0000700003dad000] [id=11011]
  0x00007fb71a015000 GCTaskThread "GC Thread#2" [stack: 0x0000700003db0000,0x0000700003eb0000] [id=11523]
  0x00007fb71a016000 GCTaskThread "GC Thread#3" [stack: 0x0000700003eb3000,0x0000700003fb3000] [id=12035]
  0x00007fb71b02a800 ConcurrentGCThread "G1 Main Marker" [stack: 0x00007000044c5000,0x00007000045c5000] [id=15107]
  0x00007fb71b02b800 ConcurrentGCThread "G1 Marker#0" [stack: 0x00007000045c8000,0x00007000046c8000] [id=16131]
  0x00007fb71b005000 ConcurrentGCThread "G1 Refine#0" [stack: 0x00007000042bf000,0x00007000043bf000] [id=14083]
  0x00007fb71b004000 ConcurrentGCThread "G1 Refine#1" [stack: 0x00007000041bc000,0x00007000042bc000] [id=13571]
  0x00007fb71b003800 ConcurrentGCThread "G1 Refine#2" [stack: 0x00007000040b9000,0x00007000041b9000] [id=13059]
  0x00007fb71b001000 ConcurrentGCThread "G1 Refine#3" [stack: 0x0000700003fb6000,0x00007000040b6000] [id=12547]
  0x00007fb71b005800 ConcurrentGCThread "G1 Young RemSet Sampling" [stack: 0x00007000043c2000,0x00007000044c2000] [id=14595]

Threads with active compile tasks:

VM state:not at safepoint (normal execution)

VM Mutex/Monitor currently owned by a thread: None

Heap address: 0x0000000740000000, size: 2048 MB, Compressed Oops mode: Zero based, Oop shift amount: 3
Narrow klass base: 0x0000000000000000, Narrow klass shift: 3
Compressed class space size: 1073741824 Address: 0x00000007c0000000

Heap:
 garbage-first heap   total 131072K, used 3072K [0x0000000740000000, 0x0000000740100400, 0x00000007c0000000)
  region size 1024K, 4 young (4096K), 0 survivors (0K)
 Metaspace       used 4982K, capacity 5136K, committed 5376K, reserved 1056768K
  class space    used 435K, capacity 496K, committed 512K, reserved 1048576K
Heap Regions: E=young(eden), S=young(survivor), O=old, HS=humongous(starts), HC=humongous(continues), CS=collection set, F=free, A=archive, TS=gc time stamp, AC=allocation context, TAMS=top-at-mark-start (previous, next)
|   0|0x0000000740000000, 0x0000000740000000, 0x0000000740100000|  0%| F|  |TS  0|AC  0|TAMS 0x0000000740000000, 0x0000000740000000|
|   1|0x0000000740100000, 0x0000000740100000, 0x0000000740200000|  0%| F|  |TS  0|AC  0|TAMS 0x0000000740100000, 0x0000000740100000|
|   2|0x0000000740200000, 0x0000000740200000, 0x0000000740300000|  0%| F|  |TS  0|AC  0|TAMS 0x0000000740200000, 0x0000000740200000|
|   3|0x0000000740300000, 0x0000000740300000, 0x0000000740400000|  0%| F|  |TS  0|AC  0|TAMS 0x0000000740300000, 0x0000000740300000|
|   4|0x0000000740400000, 0x0000000740400000, 0x0000000740500000|  0%| F|  |TS  0|AC  0|TAMS 0x0000000740400000, 0x0000000740400000|
|   5|0x0000000740500000, 0x0000000740500000, 0x0000000740600000|  0%| F|  |TS  0|AC  0|TAMS 0x0000000740500000, 0x0000000740500000|
|   6|0x0000000740600000, 0x0000000740600000, 0x0000000740700000|  0%| F|  |TS  0|AC  0|TAMS 0x0000000740600000, 0x0000000740600000|
|   7|0x0000000740700000, 0x0000000740700000, 0x0000000740800000|  0%| F|  |TS  0|AC  0|TAMS 0x0000000740700000, 0x0000000740700000|
|   8|0x0000000740800000, 0x0000000740800000, 0x0000000740900000|  0%| F|  |TS  0|AC  0|TAMS 0x0000000740800000, 0x0000000740800000|
|   9|0x0000000740900000, 0x0000000740900000, 0x0000000740a00000|  0%| F|  |TS  0|AC  0|TAMS 0x0000000740900000, 0x0000000740900000|
|  10|0x0000000740a00000, 0x0000000740a00000, 0x0000000740b00000|  0%| F|  |TS  0|AC  0|TAMS 0x0000000740a00000, 0x0000000740a00000|
|  11|0x0000000740b00000, 0x0000000740b00000, 0x0000000740c00000|  0%| F|  |TS  0|AC  0|TAMS 0x0000000740b00000, 0x0000000740b00000|
|  12|0x0000000740c00000, 0x0000000740c00000, 0x0000000740d00000|  0%| F|  |TS  0|AC  0|TAMS 0x0000000740c00000, 0x0000000740c00000|
|  13|0x0000000740d00000, 0x0000000740d00000, 0x0000000740e00000|  0%| F|  |TS  0|AC  0|TAMS 0x0000000740d00000, 0x0000000740d00000|
|  14|0x0000000740e00000, 0x0000000740e00000, 0x0000000740f00000|  0%| F|  |TS  0|AC  0|TAMS 0x0000000740e00000, 0x0000000740e00000|
|  15|0x0000000740f00000, 0x0000000740f00000, 0x0000000741000000|  0%| F|  |TS  0|AC  0|TAMS 0x0000000740f00000, 0x0000000740f00000|
|  16|0x0000000741000000, 0x0000000741000000, 0x0000000741100000|  0%| F|  |TS  0|AC  0|TAMS 0x0000000741000000, 0x0000000741000000|
|  17|0x0000000741100000, 0x0000000741100000, 0x0000000741200000|  0%| F|  |TS  0|AC  0|TAMS 0x0000000741100000, 0x0000000741100000|
|  18|0x0000000741200000, 0x0000000741200000, 0x0000000741300000|  0%| F|  |TS  0|AC  0|TAMS 0x0000000741200000, 0x0000000741200000|
|  19|0x0000000741300000, 0x0000000741300000, 0x0000000741400000|  0%| F|  |TS  0|AC  0|TAMS 0x0000000741300000, 0x0000000741300000|
|  20|0x0000000741400000, 0x0000000741400000, 0x0000000741500000|  0%| F|  |TS  0|AC  0|TAMS 0x0000000741400000, 0x0000000741400000|
|  21|0x0000000741500000, 0x0000000741500000, 0x0000000741600000|  0%| F|  |TS  0|AC  0|TAMS 0x0000000741500000, 0x0000000741500000|
|  22|0x0000000741600000, 0x0000000741600000, 0x0000000741700000|  0%| F|  |TS  0|AC  0|TAMS 0x0000000741600000, 0x0000000741600000|
|  23|0x0000000741700000, 0x0000000741700000, 0x0000000741800000|  0%| F|  |TS  0|AC  0|TAMS 0x0000000741700000, 0x0000000741700000|
|  24|0x0000000741800000, 0x0000000741800000, 0x0000000741900000|  0%| F|  |TS  0|AC  0|TAMS 0x0000000741800000, 0x0000000741800000|
|  25|0x0000000741900000, 0x0000000741900000, 0x0000000741a00000|  0%| F|  |TS  0|AC  0|TAMS 0x0000000741900000, 0x0000000741900000|
|  26|0x0000000741a00000, 0x0000000741a00000, 0x0000000741b00000|  0%| F|  |TS  0|AC  0|TAMS 0x0000000741a00000, 0x0000000741a00000|
|  27|0x0000000741b00000, 0x0000000741b00000, 0x0000000741c00000|  0%| F|  |TS  0|AC  0|TAMS 0x0000000741b00000, 0x0000000741b00000|
|  28|0x0000000741c00000, 0x0000000741c00000, 0x0000000741d00000|  0%| F|  |TS  0|AC  0|TAMS 0x0000000741c00000, 0x0000000741c00000|
|  29|0x0000000741d00000, 0x0000000741d00000, 0x0000000741e00000|  0%| F|  |TS  0|AC  0|TAMS 0x0000000741d00000, 0x0000000741d00000|
|  30|0x0000000741e00000, 0x0000000741e00000, 0x0000000741f00000|  0%| F|  |TS  0|AC  0|TAMS 0x0000000741e00000, 0x0000000741e00000|
|  31|0x0000000741f00000, 0x0000000741f00000, 0x0000000742000000|  0%| F|  |TS  0|AC  0|TAMS 0x0000000741f00000, 0x0000000741f00000|
|  32|0x0000000742000000, 0x0000000742000000, 0x0000000742100000|  0%| F|  |TS  0|AC  0|TAMS 0x0000000742000000, 0x0000000742000000|
|  33|0x0000000742100000, 0x0000000742100000, 0x0000000742200000|  0%| F|  |TS  0|AC  0|TAMS 0x0000000742100000, 0x0000000742100000|
|  34|0x0000000742200000, 0x0000000742200000, 0x0000000742300000|  0%| F|  |TS  0|AC  0|TAMS 0x0000000742200000, 0x0000000742200000|
|  35|0x0000000742300000, 0x0000000742300000, 0x0000000742400000|  0%| F|  |TS  0|AC  0|TAMS 0x0000000742300000, 0x0000000742300000|
|  36|0x0000000742400000, 0x0000000742400000, 0x0000000742500000|  0%| F|  |TS  0|AC  0|TAMS 0x0000000742400000, 0x0000000742400000|
|  37|0x0000000742500000, 0x0000000742500000, 0x0000000742600000|  0%| F|  |TS  0|AC  0|TAMS 0x0000000742500000, 0x0000000742500000|
|  38|0x0000000742600000, 0x0000000742600000, 0x0000000742700000|  0%| F|  |TS  0|AC  0|TAMS 0x0000000742600000, 0x0000000742600000|
|  39|0x0000000742700000, 0x0000000742700000, 0x0000000742800000|  0%| F|  |TS  0|AC  0|TAMS 0x0000000742700000, 0x0000000742700000|
|  40|0x0000000742800000, 0x0000000742800000, 0x0000000742900000|  0%| F|  |TS  0|AC  0|TAMS 0x0000000742800000, 0x0000000742800000|
|  41|0x0000000742900000, 0x0000000742900000, 0x0000000742a00000|  0%| F|  |TS  0|AC  0|TAMS 0x0000000742900000, 0x0000000742900000|
|  42|0x0000000742a00000, 0x0000000742a00000, 0x0000000742b00000|  0%| F|  |TS  0|AC  0|TAMS 0x0000000742a00000, 0x0000000742a00000|
|  43|0x0000000742b00000, 0x0000000742b00000, 0x0000000742c00000|  0%| F|  |TS  0|AC  0|TAMS 0x0000000742b00000, 0x0000000742b00000|
|  44|0x0000000742c00000, 0x0000000742c00000, 0x0000000742d00000|  0%| F|  |TS  0|AC  0|TAMS 0x0000000742c00000, 0x0000000742c00000|
|  45|0x0000000742d00000, 0x0000000742d00000, 0x0000000742e00000|  0%| F|  |TS  0|AC  0|TAMS 0x0000000742d00000, 0x0000000742d00000|
|  46|0x0000000742e00000, 0x0000000742e00000, 0x0000000742f00000|  0%| F|  |TS  0|AC  0|TAMS 0x0000000742e00000, 0x0000000742e00000|
|  47|0x0000000742f00000, 0x0000000742f00000, 0x0000000743000000|  0%| F|  |TS  0|AC  0|TAMS 0x0000000742f00000, 0x0000000742f00000|
|  48|0x0000000743000000, 0x0000000743000000, 0x0000000743100000|  0%| F|  |TS  0|AC  0|TAMS 0x0000000743000000, 0x0000000743000000|
|  49|0x0000000743100000, 0x0000000743100000, 0x0000000743200000|  0%| F|  |TS  0|AC  0|TAMS 0x0000000743100000, 0x0000000743100000|
|  50|0x0000000743200000, 0x0000000743200000, 0x0000000743300000|  0%| F|  |TS  0|AC  0|TAMS 0x0000000743200000, 0x0000000743200000|
|  51|0x0000000743300000, 0x0000000743300000, 0x0000000743400000|  0%| F|  |TS  0|AC  0|TAMS 0x0000000743300000, 0x0000000743300000|
|  52|0x0000000743400000, 0x0000000743400000, 0x0000000743500000|  0%| F|  |TS  0|AC  0|TAMS 0x0000000743400000, 0x0000000743400000|
|  53|0x0000000743500000, 0x0000000743500000, 0x0000000743600000|  0%| F|  |TS  0|AC  0|TAMS 0x0000000743500000, 0x0000000743500000|
|  54|0x0000000743600000, 0x0000000743600000, 0x0000000743700000|  0%| F|  |TS  0|AC  0|TAMS 0x0000000743600000, 0x0000000743600000|
|  55|0x0000000743700000, 0x0000000743700000, 0x0000000743800000|  0%| F|  |TS  0|AC  0|TAMS 0x0000000743700000, 0x0000000743700000|
|  56|0x0000000743800000, 0x0000000743800000, 0x0000000743900000|  0%| F|  |TS  0|AC  0|TAMS 0x0000000743800000, 0x0000000743800000|
|  57|0x0000000743900000, 0x0000000743900000, 0x0000000743a00000|  0%| F|  |TS  0|AC  0|TAMS 0x0000000743900000, 0x0000000743900000|
|  58|0x0000000743a00000, 0x0000000743a00000, 0x0000000743b00000|  0%| F|  |TS  0|AC  0|TAMS 0x0000000743a00000, 0x0000000743a00000|
|  59|0x0000000743b00000, 0x0000000743b00000, 0x0000000743c00000|  0%| F|  |TS  0|AC  0|TAMS 0x0000000743b00000, 0x0000000743b00000|
|  60|0x0000000743c00000, 0x0000000743c00000, 0x0000000743d00000|  0%| F|  |TS  0|AC  0|TAMS 0x0000000743c00000, 0x0000000743c00000|
|  61|0x0000000743d00000, 0x0000000743d00000, 0x0000000743e00000|  0%| F|  |TS  0|AC  0|TAMS 0x0000000743d00000, 0x0000000743d00000|
|  62|0x0000000743e00000, 0x0000000743e00000, 0x0000000743f00000|  0%| F|  |TS  0|AC  0|TAMS 0x0000000743e00000, 0x0000000743e00000|
|  63|0x0000000743f00000, 0x0000000743f00000, 0x0000000744000000|  0%| F|  |TS  0|AC  0|TAMS 0x0000000743f00000, 0x0000000743f00000|
|  64|0x0000000744000000, 0x0000000744000000, 0x0000000744100000|  0%| F|  |TS  0|AC  0|TAMS 0x0000000744000000, 0x0000000744000000|
|  65|0x0000000744100000, 0x0000000744100000, 0x0000000744200000|  0%| F|  |TS  0|AC  0|TAMS 0x0000000744100000, 0x0000000744100000|
|  66|0x0000000744200000, 0x0000000744200000, 0x0000000744300000|  0%| F|  |TS  0|AC  0|TAMS 0x0000000744200000, 0x0000000744200000|
|  67|0x0000000744300000, 0x0000000744300000, 0x0000000744400000|  0%| F|  |TS  0|AC  0|TAMS 0x0000000744300000, 0x0000000744300000|
|  68|0x0000000744400000, 0x0000000744400000, 0x0000000744500000|  0%| F|  |TS  0|AC  0|TAMS 0x0000000744400000, 0x0000000744400000|
|  69|0x0000000744500000, 0x0000000744500000, 0x0000000744600000|  0%| F|  |TS  0|AC  0|TAMS 0x0000000744500000, 0x0000000744500000|
|  70|0x0000000744600000, 0x0000000744600000, 0x0000000744700000|  0%| F|  |TS  0|AC  0|TAMS 0x0000000744600000, 0x0000000744600000|
|  71|0x0000000744700000, 0x0000000744700000, 0x0000000744800000|  0%| F|  |TS  0|AC  0|TAMS 0x0000000744700000, 0x0000000744700000|
|  72|0x0000000744800000, 0x0000000744800000, 0x0000000744900000|  0%| F|  |TS  0|AC  0|TAMS 0x0000000744800000, 0x0000000744800000|
|  73|0x0000000744900000, 0x0000000744900000, 0x0000000744a00000|  0%| F|  |TS  0|AC  0|TAMS 0x0000000744900000, 0x0000000744900000|
|  74|0x0000000744a00000, 0x0000000744a00000, 0x0000000744b00000|  0%| F|  |TS  0|AC  0|TAMS 0x0000000744a00000, 0x0000000744a00000|
|  75|0x0000000744b00000, 0x0000000744b00000, 0x0000000744c00000|  0%| F|  |TS  0|AC  0|TAMS 0x0000000744b00000, 0x0000000744b00000|
|  76|0x0000000744c00000, 0x0000000744c00000, 0x0000000744d00000|  0%| F|  |TS  0|AC  0|TAMS 0x0000000744c00000, 0x0000000744c00000|
|  77|0x0000000744d00000, 0x0000000744d00000, 0x0000000744e00000|  0%| F|  |TS  0|AC  0|TAMS 0x0000000744d00000, 0x0000000744d00000|
|  78|0x0000000744e00000, 0x0000000744e00000, 0x0000000744f00000|  0%| F|  |TS  0|AC  0|TAMS 0x0000000744e00000, 0x0000000744e00000|
|  79|0x0000000744f00000, 0x0000000744f00000, 0x0000000745000000|  0%| F|  |TS  0|AC  0|TAMS 0x0000000744f00000, 0x0000000744f00000|
|  80|0x0000000745000000, 0x0000000745000000, 0x0000000745100000|  0%| F|  |TS  0|AC  0|TAMS 0x0000000745000000, 0x0000000745000000|
|  81|0x0000000745100000, 0x0000000745100000, 0x0000000745200000|  0%| F|  |TS  0|AC  0|TAMS 0x0000000745100000, 0x0000000745100000|
|  82|0x0000000745200000, 0x0000000745200000, 0x0000000745300000|  0%| F|  |TS  0|AC  0|TAMS 0x0000000745200000, 0x0000000745200000|
|  83|0x0000000745300000, 0x0000000745300000, 0x0000000745400000|  0%| F|  |TS  0|AC  0|TAMS 0x0000000745300000, 0x0000000745300000|
|  84|0x0000000745400000, 0x0000000745400000, 0x0000000745500000|  0%| F|  |TS  0|AC  0|TAMS 0x0000000745400000, 0x0000000745400000|
|  85|0x0000000745500000, 0x0000000745500000, 0x0000000745600000|  0%| F|  |TS  0|AC  0|TAMS 0x0000000745500000, 0x0000000745500000|
|  86|0x0000000745600000, 0x0000000745600000, 0x0000000745700000|  0%| F|  |TS  0|AC  0|TAMS 0x0000000745600000, 0x0000000745600000|
|  87|0x0000000745700000, 0x0000000745700000, 0x0000000745800000|  0%| F|  |TS  0|AC  0|TAMS 0x0000000745700000, 0x0000000745700000|
|  88|0x0000000745800000, 0x0000000745800000, 0x0000000745900000|  0%| F|  |TS  0|AC  0|TAMS 0x0000000745800000, 0x0000000745800000|
|  89|0x0000000745900000, 0x0000000745900000, 0x0000000745a00000|  0%| F|  |TS  0|AC  0|TAMS 0x0000000745900000, 0x0000000745900000|
|  90|0x0000000745a00000, 0x0000000745a00000, 0x0000000745b00000|  0%| F|  |TS  0|AC  0|TAMS 0x0000000745a00000, 0x0000000745a00000|
|  91|0x0000000745b00000, 0x0000000745b00000, 0x0000000745c00000|  0%| F|  |TS  0|AC  0|TAMS 0x0000000745b00000, 0x0000000745b00000|
|  92|0x0000000745c00000, 0x0000000745c00000, 0x0000000745d00000|  0%| F|  |TS  0|AC  0|TAMS 0x0000000745c00000, 0x0000000745c00000|
|  93|0x0000000745d00000, 0x0000000745d00000, 0x0000000745e00000|  0%| F|  |TS  0|AC  0|TAMS 0x0000000745d00000, 0x0000000745d00000|
|  94|0x0000000745e00000, 0x0000000745e00000, 0x0000000745f00000|  0%| F|  |TS  0|AC  0|TAMS 0x0000000745e00000, 0x0000000745e00000|
|  95|0x0000000745f00000, 0x0000000745f00000, 0x0000000746000000|  0%| F|  |TS  0|AC  0|TAMS 0x0000000745f00000, 0x0000000745f00000|
|  96|0x0000000746000000, 0x0000000746000000, 0x0000000746100000|  0%| F|  |TS  0|AC  0|TAMS 0x0000000746000000, 0x0000000746000000|
|  97|0x0000000746100000, 0x0000000746100000, 0x0000000746200000|  0%| F|  |TS  0|AC  0|TAMS 0x0000000746100000, 0x0000000746100000|
|  98|0x0000000746200000, 0x0000000746200000, 0x0000000746300000|  0%| F|  |TS  0|AC  0|TAMS 0x0000000746200000, 0x0000000746200000|
|  99|0x0000000746300000, 0x0000000746300000, 0x0000000746400000|  0%| F|  |TS  0|AC  0|TAMS 0x0000000746300000, 0x0000000746300000|
| 100|0x0000000746400000, 0x0000000746400000, 0x0000000746500000|  0%| F|  |TS  0|AC  0|TAMS 0x0000000746400000, 0x0000000746400000|
| 101|0x0000000746500000, 0x0000000746500000, 0x0000000746600000|  0%| F|  |TS  0|AC  0|TAMS 0x0000000746500000, 0x0000000746500000|
| 102|0x0000000746600000, 0x0000000746600000, 0x0000000746700000|  0%| F|  |TS  0|AC  0|TAMS 0x0000000746600000, 0x0000000746600000|
| 103|0x0000000746700000, 0x0000000746700000, 0x0000000746800000|  0%| F|  |TS  0|AC  0|TAMS 0x0000000746700000, 0x0000000746700000|
| 104|0x0000000746800000, 0x0000000746800000, 0x0000000746900000|  0%| F|  |TS  0|AC  0|TAMS 0x0000000746800000, 0x0000000746800000|
| 105|0x0000000746900000, 0x0000000746900000, 0x0000000746a00000|  0%| F|  |TS  0|AC  0|TAMS 0x0000000746900000, 0x0000000746900000|
| 106|0x0000000746a00000, 0x0000000746a00000, 0x0000000746b00000|  0%| F|  |TS  0|AC  0|TAMS 0x0000000746a00000, 0x0000000746a00000|
| 107|0x0000000746b00000, 0x0000000746b00000, 0x0000000746c00000|  0%| F|  |TS  0|AC  0|TAMS 0x0000000746b00000, 0x0000000746b00000|
| 108|0x0000000746c00000, 0x0000000746c00000, 0x0000000746d00000|  0%| F|  |TS  0|AC  0|TAMS 0x0000000746c00000, 0x0000000746c00000|
| 109|0x0000000746d00000, 0x0000000746d00000, 0x0000000746e00000|  0%| F|  |TS  0|AC  0|TAMS 0x0000000746d00000, 0x0000000746d00000|
| 110|0x0000000746e00000, 0x0000000746e00000, 0x0000000746f00000|  0%| F|  |TS  0|AC  0|TAMS 0x0000000746e00000, 0x0000000746e00000|
| 111|0x0000000746f00000, 0x0000000746f00000, 0x0000000747000000|  0%| F|  |TS  0|AC  0|TAMS 0x0000000746f00000, 0x0000000746f00000|
| 112|0x0000000747000000, 0x0000000747000000, 0x0000000747100000|  0%| F|  |TS  0|AC  0|TAMS 0x0000000747000000, 0x0000000747000000|
| 113|0x0000000747100000, 0x0000000747100000, 0x0000000747200000|  0%| F|  |TS  0|AC  0|TAMS 0x0000000747100000, 0x0000000747100000|
| 114|0x0000000747200000, 0x0000000747200000, 0x0000000747300000|  0%| F|  |TS  0|AC  0|TAMS 0x0000000747200000, 0x0000000747200000|
| 115|0x0000000747300000, 0x0000000747300000, 0x0000000747400000|  0%| F|  |TS  0|AC  0|TAMS 0x0000000747300000, 0x0000000747300000|
| 116|0x0000000747400000, 0x0000000747400000, 0x0000000747500000|  0%| F|  |TS  0|AC  0|TAMS 0x0000000747400000, 0x0000000747400000|
| 117|0x0000000747500000, 0x0000000747500000, 0x0000000747600000|  0%| F|  |TS  0|AC  0|TAMS 0x0000000747500000, 0x0000000747500000|
| 118|0x0000000747600000, 0x0000000747600000, 0x0000000747700000|  0%| F|  |TS  0|AC  0|TAMS 0x0000000747600000, 0x0000000747600000|
| 119|0x0000000747700000, 0x0000000747700000, 0x0000000747800000|  0%| F|  |TS  0|AC  0|TAMS 0x0000000747700000, 0x0000000747700000|
| 120|0x0000000747800000, 0x0000000747800000, 0x0000000747900000|  0%| F|  |TS  0|AC  0|TAMS 0x0000000747800000, 0x0000000747800000|
| 121|0x0000000747900000, 0x0000000747900000, 0x0000000747a00000|  0%| F|  |TS  0|AC  0|TAMS 0x0000000747900000, 0x0000000747900000|
| 122|0x0000000747a00000, 0x0000000747a00000, 0x0000000747b00000|  0%| F|  |TS  0|AC  0|TAMS 0x0000000747a00000, 0x0000000747a00000|
| 123|0x0000000747b00000, 0x0000000747b00000, 0x0000000747c00000|  0%| F|  |TS  0|AC  0|TAMS 0x0000000747b00000, 0x0000000747b00000|
| 124|0x0000000747c00000, 0x0000000747c4a2f0, 0x0000000747d00000| 28%| E|  |TS  0|AC  0|TAMS 0x0000000747c00000, 0x0000000747c00000|
| 125|0x0000000747d00000, 0x0000000747e00000, 0x0000000747e00000|100%| E|CS|TS  0|AC  0|TAMS 0x0000000747d00000, 0x0000000747d00000|
| 126|0x0000000747e00000, 0x0000000747f00000, 0x0000000747f00000|100%| E|CS|TS  0|AC  0|TAMS 0x0000000747e00000, 0x0000000747e00000|
| 127|0x0000000747f00000, 0x0000000748000000, 0x0000000748000000|100%| E|CS|TS  0|AC  0|TAMS 0x0000000747f00000, 0x0000000747f00000|

Card table byte_map: [0x0000000104f5a000,0x000000010535a000] byte_map_base: 0x000000010155a000

Marking Bits (Prev, Next): (CMBitMap*) 0x00007fb71b02a070, (CMBitMap*) 0x00007fb71b02a0a8
 Prev Bits: [0x000000010575a000, 0x000000010775a000)
 Next Bits: [0x000000010775a000, 0x000000010975a000)

Polling page: 0x0000000102bf9000

CodeHeap 'non-profiled nmethods': size=120032Kb used=53Kb max_used=53Kb free=119978Kb
 bounds [0x000000011ec31000, 0x000000011eea1000, 0x0000000126169000]
CodeHeap 'profiled nmethods': size=120032Kb used=236Kb max_used=236Kb free=119795Kb
 bounds [0x00000001176f9000, 0x0000000117969000, 0x000000011ec31000]
CodeHeap 'non-nmethods': size=5696Kb used=1150Kb max_used=1161Kb free=4545Kb
 bounds [0x0000000117169000, 0x00000001173d9000, 0x00000001176f9000]
 total_blobs=531 nmethods=184 adapters=201
 compilation: enabled

Compilation events (10 events):
Event: 0.394 Thread 0x00007fb71a80b800  180       3       java.util.Arrays::copyOf (19 bytes)
Event: 0.394 Thread 0x00007fb71a80b800 nmethod 180 0x0000000117732790 code [0x0000000117732960, 0x0000000117732c88]
Event: 0.394 Thread 0x00007fb71a80b800  181       3       java.lang.AbstractStringBuilder::<init> (39 bytes)
Event: 0.401 Thread 0x00007fb71a80b800 nmethod 181 0x0000000117732e10 code [0x0000000117732fc0, 0x0000000117733290]
Event: 0.407 Thread 0x00007fb71a80b800  182       1       java.nio.Buffer::position (5 bytes)
Event: 0.407 Thread 0x00007fb71a80b800 nmethod 182 0x000000011ec3e410 code [0x000000011ec3e5c0, 0x000000011ec3e6d0]
Event: 0.433 Thread 0x00007fb71a80b800  183       3       java.lang.StringBuilder::toString (35 bytes)
Event: 0.433 Thread 0x00007fb71a80b800 nmethod 183 0x0000000117733390 code [0x0000000117733580, 0x0000000117733af8]
Event: 0.437 Thread 0x00007fb71a80b800  184       3       java.lang.String::startsWith (7 bytes)
Event: 0.438 Thread 0x00007fb71a80b800 nmethod 184 0x0000000117733c90 code [0x0000000117733e40, 0x0000000117734068]

GC Heap History (0 events):
No events

Deoptimization events (0 events):
No events

Classes redefined (3 events):
Event: 36.363 Thread 0x00007fb71a036000 redefined class name=lexer.Tokenizer, count=1
Event: 115.278 Thread 0x00007fb71a036000 redefined class name=lexer.Tokenizer, count=2
Event: 888.113 Thread 0x00007fb71a036000 redefined class name=lexer.Tokenizer, count=3

Internal exceptions (0 events):
No events

Events (10 events):
Event: 888.152 Executing VM operation: ChangeBreakpoints
Event: 888.152 Executing VM operation: ChangeBreakpoints done
Event: 888.153 Executing VM operation: ChangeBreakpoints
Event: 888.153 Executing VM operation: ChangeBreakpoints done
Event: 888.154 Executing VM operation: ChangeBreakpoints
Event: 888.154 Executing VM operation: ChangeBreakpoints done
Event: 888.155 Executing VM operation: ChangeBreakpoints
Event: 888.155 Executing VM operation: ChangeBreakpoints done
Event: 888.156 Executing VM operation: ChangeBreakpoints
Event: 888.156 Executing VM operation: ChangeBreakpoints done


Dynamic libraries:
0x00007fffac8e7000 	/System/Library/Frameworks/Cocoa.framework/Versions/A/Cocoa
0x00007fffb318a000 	/System/Library/Frameworks/Security.framework/Versions/A/Security
0x00007fffab7a0000 	/System/Library/Frameworks/ApplicationServices.framework/Versions/A/ApplicationServices
0x00007fffc258f000 	/usr/lib/libz.1.dylib
0x00007fffc10e2000 	/usr/lib/libSystem.B.dylib
0x00007ffface7d000 	/System/Library/Frameworks/CoreFoundation.framework/Versions/A/CoreFoundation
0x00007fffae8f5000 	/System/Library/Frameworks/Foundation.framework/Versions/C/Foundation
0x00007fffc1d90000 	/usr/lib/libobjc.A.dylib
0x00007fffaa9b5000 	/System/Library/Frameworks/AppKit.framework/Versions/C/AppKit
0x00007fffacad3000 	/System/Library/Frameworks/CoreData.framework/Versions/A/CoreData
0x00007fffbdb67000 	/System/Library/PrivateFrameworks/RemoteViewServices.framework/Versions/A/RemoteViewServices
0x00007fffbfb52000 	/System/Library/PrivateFrameworks/UIFoundation.framework/Versions/A/UIFoundation
0x00007fffb8f0b000 	/System/Library/PrivateFrameworks/DFRFoundation.framework/Versions/A/DFRFoundation
0x00007fffc16d3000 	/usr/lib/libenergytrace.dylib
0x00007fffbe994000 	/System/Library/PrivateFrameworks/SkyLight.framework/Versions/A/SkyLight
0x00007fffad317000 	/System/Library/Frameworks/CoreGraphics.framework/Versions/A/CoreGraphics
0x00007fffc10dd000 	/usr/lib/libScreenReader.dylib
0x00007fffa99d7000 	/System/Library/Frameworks/Accelerate.framework/Versions/A/Accelerate
0x00007fffaeef3000 	/System/Library/Frameworks/IOSurface.framework/Versions/A/IOSurface
0x00007fffabcc3000 	/System/Library/Frameworks/AudioToolbox.framework/Versions/A/AudioToolbox
0x00007fffabed0000 	/System/Library/Frameworks/AudioUnit.framework/Versions/A/AudioUnit
0x00007fffb8f50000 	/System/Library/PrivateFrameworks/DataDetectorsCore.framework/Versions/A/DataDetectorsCore
0x00007fffb9041000 	/System/Library/PrivateFrameworks/DesktopServicesPriv.framework/Versions/A/DesktopServicesPriv
0x00007fffac434000 	/System/Library/Frameworks/Carbon.framework/Versions/A/Frameworks/HIToolbox.framework/Versions/A/HIToolbox
0x00007fffc17dc000 	/usr/lib/libicucore.A.dylib
0x00007fffb2a22000 	/System/Library/Frameworks/QuartzCore.framework/Versions/A/QuartzCore
0x00007fffac800000 	/System/Library/Frameworks/Carbon.framework/Versions/A/Frameworks/SpeechRecognition.framework/Versions/A/SpeechRecognition
0x00007fffc11fb000 	/usr/lib/libauto.dylib
0x00007fffc2475000 	/usr/lib/libxml2.2.dylib
0x00007fffb8bc5000 	/System/Library/PrivateFrameworks/CoreUI.framework/Versions/A/CoreUI
0x00007fffaca31000 	/System/Library/Frameworks/CoreAudio.framework/Versions/A/CoreAudio
0x00007fffae75e000 	/System/Library/Frameworks/DiskArbitration.framework/Versions/A/DiskArbitration
0x00007fffc1a07000 	/usr/lib/liblangid.dylib
0x00007fffbca4e000 	/System/Library/PrivateFrameworks/MultitouchSupport.framework/Versions/A/MultitouchSupport
0x00007fffaee5c000 	/System/Library/Frameworks/IOKit.framework/Versions/A/IOKit
0x00007fffc0ea3000 	/usr/lib/libDiagnosticMessagesClient.dylib
0x00007fffadd42000 	/System/Library/Frameworks/CoreServices.framework/Versions/A/CoreServices
0x00007fffbd40b000 	/System/Library/PrivateFrameworks/PerformanceAnalysis.framework/Versions/A/PerformanceAnalysis
0x00007fffbae93000 	/System/Library/PrivateFrameworks/GenerationalStorage.framework/Versions/A/GenerationalStorage
0x00007fffb1ec2000 	/System/Library/Frameworks/OpenGL.framework/Versions/A/OpenGL
0x00007fffad99a000 	/System/Library/Frameworks/CoreImage.framework/Versions/A/CoreImage
0x00007fffae46b000 	/System/Library/Frameworks/CoreText.framework/Versions/A/CoreText
0x00007fffaef4c000 	/System/Library/Frameworks/ImageIO.framework/Versions/A/ImageIO
0x00007fffb6782000 	/System/Library/PrivateFrameworks/Backup.framework/Versions/A/Backup
0x00007fffc114f000 	/usr/lib/libarchive.2.dylib
0x00007fffac039000 	/System/Library/Frameworks/CFNetwork.framework/Versions/A/CFNetwork
0x00007fffb38b7000 	/System/Library/Frameworks/SystemConfiguration.framework/Versions/A/SystemConfiguration
0x00007fffc0dea000 	/usr/lib/libCRFSuite.dylib
0x00007fffc121c000 	/usr/lib/libc++.1.dylib
0x00007fffc1273000 	/usr/lib/libc++abi.dylib
0x00007fffc25af000 	/usr/lib/system/libcache.dylib
0x00007fffc25b4000 	/usr/lib/system/libcommonCrypto.dylib
0x00007fffc25bf000 	/usr/lib/system/libcompiler_rt.dylib
0x00007fffc25c7000 	/usr/lib/system/libcopyfile.dylib
0x00007fffc25d0000 	/usr/lib/system/libcorecrypto.dylib
0x00007fffc2654000 	/usr/lib/system/libdispatch.dylib
0x00007fffc2686000 	/usr/lib/system/libdyld.dylib
0x00007fffc268c000 	/usr/lib/system/libkeymgr.dylib
0x00007fffc269a000 	/usr/lib/system/liblaunch.dylib
0x00007fffc269b000 	/usr/lib/system/libmacho.dylib
0x00007fffc26a1000 	/usr/lib/system/libquarantine.dylib
0x00007fffc26a4000 	/usr/lib/system/libremovefile.dylib
0x00007fffc26a6000 	/usr/lib/system/libsystem_asl.dylib
0x00007fffc26bf000 	/usr/lib/system/libsystem_blocks.dylib
0x00007fffc26c0000 	/usr/lib/system/libsystem_c.dylib
0x00007fffc274e000 	/usr/lib/system/libsystem_configuration.dylib
0x00007fffc2752000 	/usr/lib/system/libsystem_coreservices.dylib
0x00007fffc2756000 	/usr/lib/system/libsystem_coretls.dylib
0x00007fffc276f000 	/usr/lib/system/libsystem_dnssd.dylib
0x00007fffc2776000 	/usr/lib/system/libsystem_info.dylib
0x00007fffc27a0000 	/usr/lib/system/libsystem_kernel.dylib
0x00007fffc27c3000 	/usr/lib/system/libsystem_m.dylib
0x00007fffc280b000 	/usr/lib/system/libsystem_malloc.dylib
0x00007fffc282a000 	/usr/lib/system/libsystem_network.dylib
0x00007fffc2884000 	/usr/lib/system/libsystem_networkextension.dylib
0x00007fffc288e000 	/usr/lib/system/libsystem_notify.dylib
0x00007fffc2898000 	/usr/lib/system/libsystem_platform.dylib
0x00007fffc28a1000 	/usr/lib/system/libsystem_pthread.dylib
0x00007fffc28ac000 	/usr/lib/system/libsystem_sandbox.dylib
0x00007fffc28b0000 	/usr/lib/system/libsystem_secinit.dylib
0x00007fffc28b2000 	/usr/lib/system/libsystem_symptoms.dylib
0x00007fffc28ba000 	/usr/lib/system/libsystem_trace.dylib
0x00007fffc28ce000 	/usr/lib/system/libunwind.dylib
0x00007fffc28d4000 	/usr/lib/system/libxpc.dylib
0x00007fffc11fc000 	/usr/lib/libbsm.0.dylib
0x00007fffc268d000 	/usr/lib/system/libkxld.dylib
0x00007fffc12c5000 	/usr/lib/libcoretls.dylib
0x00007fffc12c6000 	/usr/lib/libcoretls_cfhelpers.dylib
0x00007fffc10dc000 	/usr/lib/libOpenScriptingUtil.dylib
0x00007fffc2165000 	/usr/lib/libpam.2.dylib
0x00007fffc2224000 	/usr/lib/libsqlite3.dylib
0x00007fffc2467000 	/usr/lib/libxar.1.dylib
0x00007fffc120d000 	/usr/lib/libbz2.1.0.dylib
0x00007fffc1a09000 	/usr/lib/liblzma.5.dylib
0x00007fffc1d15000 	/usr/lib/libnetwork.dylib
0x00007fffc216a000 	/usr/lib/libpcap.A.dylib
0x00007fffae0a5000 	/System/Library/Frameworks/CoreServices.framework/Versions/A/Frameworks/FSEvents.framework/Versions/A/FSEvents
0x00007fffadd95000 	/System/Library/Frameworks/CoreServices.framework/Versions/A/Frameworks/CarbonCore.framework/Versions/A/CarbonCore
0x00007fffae21b000 	/System/Library/Frameworks/CoreServices.framework/Versions/A/Frameworks/Metadata.framework/Versions/A/Metadata
0x00007fffae2cc000 	/System/Library/Frameworks/CoreServices.framework/Versions/A/Frameworks/OSServices.framework/Versions/A/OSServices
0x00007fffae32c000 	/System/Library/Frameworks/CoreServices.framework/Versions/A/Frameworks/SearchKit.framework/Versions/A/SearchKit
0x00007fffadd43000 	/System/Library/Frameworks/CoreServices.framework/Versions/A/Frameworks/AE.framework/Versions/A/AE
0x00007fffae0ae000 	/System/Library/Frameworks/CoreServices.framework/Versions/A/Frameworks/LaunchServices.framework/Versions/A/LaunchServices
0x00007fffae071000 	/System/Library/Frameworks/CoreServices.framework/Versions/A/Frameworks/DictionaryServices.framework/Versions/A/DictionaryServices
0x00007fffae39d000 	/System/Library/Frameworks/CoreServices.framework/Versions/A/Frameworks/SharedFileList.framework/Versions/A/SharedFileList
0x00007fffb10e6000 	/System/Library/Frameworks/NetFS.framework/Versions/A/NetFS
0x00007fffbcb28000 	/System/Library/PrivateFrameworks/NetAuth.framework/Versions/A/NetAuth
0x00007fffc0d93000 	/System/Library/PrivateFrameworks/login.framework/Versions/A/Frameworks/loginsupport.framework/Versions/A/loginsupport
0x00007fffbf984000 	/System/Library/PrivateFrameworks/TCC.framework/Versions/A/TCC
0x00007fffc1a3a000 	/usr/lib/libmecabra.dylib
0x00007fffab7a1000 	/System/Library/Frameworks/ApplicationServices.framework/Versions/A/Frameworks/ATS.framework/Versions/A/ATS
0x00007fffabb20000 	/System/Library/Frameworks/ApplicationServices.framework/Versions/A/Frameworks/ColorSync.framework/Versions/A/ColorSync
0x00007fffabbcb000 	/System/Library/Frameworks/ApplicationServices.framework/Versions/A/Frameworks/HIServices.framework/Versions/A/HIServices
0x00007fffabc1d000 	/System/Library/Frameworks/ApplicationServices.framework/Versions/A/Frameworks/LangAnalysis.framework/Versions/A/LangAnalysis
0x00007fffabc2d000 	/System/Library/Frameworks/ApplicationServices.framework/Versions/A/Frameworks/PrintCore.framework/Versions/A/PrintCore
0x00007fffabc7b000 	/System/Library/Frameworks/ApplicationServices.framework/Versions/A/Frameworks/QD.framework/Versions/A/QD
0x00007fffabcb7000 	/System/Library/Frameworks/ApplicationServices.framework/Versions/A/Frameworks/SpeechSynthesis.framework/Versions/A/SpeechSynthesis
0x00007fffa99f0000 	/System/Library/Frameworks/Accelerate.framework/Versions/A/Frameworks/vImage.framework/Versions/A/vImage
0x00007fffaa6f6000 	/System/Library/Frameworks/Accelerate.framework/Versions/A/Frameworks/vecLib.framework/Versions/A/vecLib
0x00007fffaa4bb000 	/System/Library/Frameworks/Accelerate.framework/Versions/A/Frameworks/vecLib.framework/Versions/A/libvDSP.dylib
0x00007fffaa07c000 	/System/Library/Frameworks/Accelerate.framework/Versions/A/Frameworks/vecLib.framework/Versions/A/libBNNS.dylib
0x00007fffaa49f000 	/System/Library/Frameworks/Accelerate.framework/Versions/A/Frameworks/vecLib.framework/Versions/A/libQuadrature.dylib
0x00007fffaa643000 	/System/Library/Frameworks/Accelerate.framework/Versions/A/Frameworks/vecLib.framework/Versions/A/libvMisc.dylib
0x00007fffaa091000 	/System/Library/Frameworks/Accelerate.framework/Versions/A/Frameworks/vecLib.framework/Versions/A/libLAPACK.dylib
0x00007fffa9f0a000 	/System/Library/Frameworks/Accelerate.framework/Versions/A/Frameworks/vecLib.framework/Versions/A/libBLAS.dylib
0x00007fffaa488000 	/System/Library/Frameworks/Accelerate.framework/Versions/A/Frameworks/vecLib.framework/Versions/A/libLinearAlgebra.dylib
0x00007fffaa4a6000 	/System/Library/Frameworks/Accelerate.framework/Versions/A/Frameworks/vecLib.framework/Versions/A/libSparseBLAS.dylib
0x00007fffab8a9000 	/System/Library/Frameworks/ApplicationServices.framework/Versions/A/Frameworks/ATS.framework/Versions/A/Resources/libFontParser.dylib
0x00007fffab9d9000 	/System/Library/Frameworks/ApplicationServices.framework/Versions/A/Frameworks/ATS.framework/Versions/A/Resources/libFontRegistry.dylib
0x00007fffaf1a3000 	/System/Library/Frameworks/ImageIO.framework/Versions/A/Resources/libJPEG.dylib
0x00007fffaf1f2000 	/System/Library/Frameworks/ImageIO.framework/Versions/A/Resources/libTIFF.dylib
0x00007fffaf1c7000 	/System/Library/Frameworks/ImageIO.framework/Versions/A/Resources/libPng.dylib
0x00007fffaf0ad000 	/System/Library/Frameworks/ImageIO.framework/Versions/A/Resources/libGIF.dylib
0x00007fffaf0b2000 	/System/Library/Frameworks/ImageIO.framework/Versions/A/Resources/libJP2.dylib
0x00007fffaf1ef000 	/System/Library/Frameworks/ImageIO.framework/Versions/A/Resources/libRadiance.dylib
0x00007fffc12ae000 	/usr/lib/libcompression.dylib
0x00007fffb62c4000 	/System/Library/PrivateFrameworks/AppleJPEG.framework/Versions/A/AppleJPEG
0x00007fffc1603000 	/usr/lib/libcups.2.dylib
0x00007fffaffa9000 	/System/Library/Frameworks/Kerberos.framework/Versions/A/Kerberos
0x00007fffaecc7000 	/System/Library/Frameworks/GSS.framework/Versions/A/GSS
0x00007fffc21b8000 	/usr/lib/libresolv.9.dylib
0x00007fffc16e9000 	/usr/lib/libiconv.2.dylib
0x00007fffbb5c0000 	/System/Library/PrivateFrameworks/Heimdal.framework/Versions/A/Heimdal
0x00007fffc16e3000 	/usr/lib/libheimdal-asn1.dylib
0x00007fffb1337000 	/System/Library/Frameworks/OpenDirectory.framework/Versions/A/OpenDirectory
0x00007fffb7dd7000 	/System/Library/PrivateFrameworks/CommonAuth.framework/Versions/A/CommonAuth
0x00007fffb131d000 	/System/Library/Frameworks/OpenDirectory.framework/Versions/A/Frameworks/CFOpenDirectory.framework/Versions/A/CFOpenDirectory
0x00007fffb348d000 	/System/Library/Frameworks/SecurityFoundation.framework/Versions/A/SecurityFoundation
0x00007fffbbd78000 	/System/Library/PrivateFrameworks/LanguageModeling.framework/Versions/A/LanguageModeling
0x00007fffc1a23000 	/usr/lib/libmarisa.dylib
0x00007fffc0e06000 	/usr/lib/libChineseTokenizer.dylib
0x00007fffc129d000 	/usr/lib/libcmph.dylib
0x00007fffb8529000 	/System/Library/PrivateFrameworks/CoreEmoji.framework/Versions/A/CoreEmoji
0x00007fffb352d000 	/System/Library/Frameworks/ServiceManagement.framework/Versions/A/ServiceManagement
0x00007fffc2565000 	/usr/lib/libxslt.1.dylib
0x00007fffac748000 	/System/Library/Frameworks/Carbon.framework/Versions/A/Frameworks/Ink.framework/Versions/A/Ink
0x00007fffbfa16000 	/System/Library/PrivateFrameworks/TextureIO.framework/Versions/A/TextureIO
0x00007fffb07a2000 	/System/Library/Frameworks/Metal.framework/Versions/A/Metal
0x00007fffc117b000 	/usr/lib/libate.dylib
0x00007fffbabc2000 	/System/Library/PrivateFrameworks/GPUCompiler.framework/libmetal_timestamp.dylib
0x00007fffb1346000 	/System/Library/Frameworks/OpenGL.framework/Versions/A/Libraries/libCoreFSCache.dylib
0x00007fffbbc51000 	/System/Library/PrivateFrameworks/IOAccelerator.framework/Versions/A/IOAccelerator
0x00007fffae5b9000 	/System/Library/Frameworks/CoreVideo.framework/Versions/A/CoreVideo
0x00007fffc0ea5000 	/usr/lib/libFosl_dynamic.dylib
0x00007fffbc850000 	/System/Library/PrivateFrameworks/MetalPerformanceShaders.framework/Versions/A/MetalPerformanceShaders
0x00007fffb943a000 	/System/Library/PrivateFrameworks/FaceCore.framework/Versions/A/FaceCore
0x00007fffb12ce000 	/System/Library/Frameworks/OpenCL.framework/Versions/A/OpenCL
0x00007fffb1519000 	/System/Library/Frameworks/OpenGL.framework/Versions/A/Libraries/libGLU.dylib
0x00007fffb134f000 	/System/Library/Frameworks/OpenGL.framework/Versions/A/Libraries/libGFXShared.dylib
0x00007fffb1359000 	/System/Library/Frameworks/OpenGL.framework/Versions/A/Libraries/libGL.dylib
0x00007fffb1365000 	/System/Library/Frameworks/OpenGL.framework/Versions/A/Libraries/libGLImage.dylib
0x00007fffb1343000 	/System/Library/Frameworks/OpenGL.framework/Versions/A/Libraries/libCVMSPluginSupport.dylib
0x00007fffb134a000 	/System/Library/Frameworks/OpenGL.framework/Versions/A/Libraries/libCoreVMClient.dylib
0x00007fffb8e8b000 	/System/Library/PrivateFrameworks/CrashReporterSupport.framework/Versions/A/CrashReporterSupport
0x00007fffbe8e6000 	/System/Library/PrivateFrameworks/Sharing.framework/Versions/A/Sharing
0x00007fffbbc6f000 	/System/Library/PrivateFrameworks/IconServices.framework/Versions/A/IconServices
0x00007fffbdb34000 	/System/Library/PrivateFrameworks/ProtocolBuffer.framework/Versions/A/ProtocolBuffer
0x00007fffb61a7000 	/System/Library/PrivateFrameworks/Apple80211.framework/Versions/A/Apple80211
0x00007fffae5ef000 	/System/Library/Frameworks/CoreWLAN.framework/Versions/A/CoreWLAN
0x00007fffb8d05000 	/System/Library/PrivateFrameworks/CoreUtils.framework/Versions/A/CoreUtils
0x00007fffaedb8000 	/System/Library/Frameworks/IOBluetooth.framework/Versions/A/IOBluetooth
0x00007fffb8e25000 	/System/Library/PrivateFrameworks/CoreWiFi.framework/Versions/A/CoreWiFi
0x00007fffacabf000 	/System/Library/Frameworks/CoreBluetooth.framework/Versions/A/CoreBluetooth
0x00007fffacdcf000 	/System/Library/Frameworks/CoreDisplay.framework/Versions/A/CoreDisplay
0x00007fffbbc5a000 	/System/Library/PrivateFrameworks/IOPresentment.framework/Versions/A/IOPresentment
0x00007fffb8f16000 	/System/Library/PrivateFrameworks/DSExternalDisplay.framework/Versions/A/DSExternalDisplay
0x00007fffb9001000 	/System/Library/PrivateFrameworks/DebugSymbols.framework/Versions/A/DebugSymbols
0x00007fffb8b35000 	/System/Library/PrivateFrameworks/CoreSymbolication.framework/Versions/A/CoreSymbolication
0x00007fffbf4d1000 	/System/Library/PrivateFrameworks/Symbolication.framework/Versions/A/Symbolication
0x00007fffb61ca000 	/System/Library/PrivateFrameworks/AppleFSCompression.framework/Versions/A/AppleFSCompression
0x00007fffbedd9000 	/System/Library/PrivateFrameworks/SpeechRecognitionCore.framework/Versions/A/SpeechRecognitionCore
0x00007fffb748b000 	/System/Library/PrivateFrameworks/ChunkingLibrary.framework/Versions/A/ChunkingLibrary
0x0000000103400000 	/Library/Java/JavaVirtualMachines/jdk-9.0.4.jdk/Contents/Home/lib/server/libjvm.dylib
0x00007fffc23ce000 	/usr/lib/libstdc++.6.dylib
0x0000000102beb000 	/Library/Java/JavaVirtualMachines/jdk-9.0.4.jdk/Contents/Home/lib/libverify.dylib
0x00000001040a3000 	/Library/Java/JavaVirtualMachines/jdk-9.0.4.jdk/Contents/Home/lib/libjava.dylib
0x00000001040d7000 	/Library/Java/JavaVirtualMachines/jdk-9.0.4.jdk/Contents/Home/lib/libjdwp.dylib
0x0000000104114000 	/Library/Java/JavaVirtualMachines/jdk-9.0.4.jdk/Contents/Home/lib/libinstrument.dylib
0x0000000104168000 	/Library/Java/JavaVirtualMachines/jdk-9.0.4.jdk/Contents/Home/lib/libzip.dylib
0x0000000104170000 	/Library/Java/JavaVirtualMachines/jdk-9.0.4.jdk/Contents/Home/lib/libjimage.dylib
0x000000010c538000 	/Library/Java/JavaVirtualMachines/jdk-9.0.4.jdk/Contents/Home/lib/libnio.dylib
0x000000010c548000 	/Library/Java/JavaVirtualMachines/jdk-9.0.4.jdk/Contents/Home/lib/./libnet.dylib
0x000000010c609000 	/Library/Java/JavaVirtualMachines/jdk-9.0.4.jdk/Contents/Home/lib/libdt_socket.dylib

VM Arguments:
jvm_args: -agentlib:jdwp=transport=dt_socket,address=127.0.0.1:52547,suspend=y,server=n -javaagent:/Users/mollyroseclarfeld/Library/Caches/IntelliJIdea2017.3/captureAgent/debugger-agent.jar=/private/var/folders/hy/q56dnb993f7dvrs_g1ymnxh40000gn/T/capture.props -Dfile.encoding=UTF-8 
java_command: lexer.LexicalAnalyzer
java_class_path (initial): /Users/mollyroseclarfeld/Documents/Vassar College/junior/second semester /compilers/Parser/out/production/Compiler:/Applications/IntelliJ IDEA.app/Contents/lib/idea_rt.jar
Launcher Type: SUN_STANDARD

Logging:
Log output configuration:
#0: stdout all=warning uptime,level,tags
#1: stderr all=off uptime,level,tags

Environment Variables:
PATH=/Library/Frameworks/Python.framework/Versions/3.6/bin:/Library/Frameworks/Python.framework/Versions/3.6/bin:/usr/local/bin:/usr/bin:/bin:/usr/sbin:/sbin:/opt/X11/bin:/Library/TeX/texbin
SHELL=/bin/bash
DISPLAY=/private/tmp/com.apple.launchd.JEg8UjmkZL/org.macosforge.xquartz:0

Signal Handlers:
SIGSEGV: [libjvm.dylib+0x73f3dc], sa_mask[0]=11111111011111110111111111111111, sa_flags=SA_ONSTACK|SA_RESTART|SA_SIGINFO
SIGBUS: [libjvm.dylib+0x73f3dc], sa_mask[0]=11111111011111110111111111111111, sa_flags=SA_RESTART|SA_SIGINFO
SIGFPE: [libjvm.dylib+0x73f3dc], sa_mask[0]=11111111011111110111111111111111, sa_flags=SA_RESTART|SA_SIGINFO
SIGPIPE: [libjvm.dylib+0x5f233c], sa_mask[0]=11111111011111110111111111111111, sa_flags=SA_RESTART|SA_SIGINFO
SIGXFSZ: [libjvm.dylib+0x5f233c], sa_mask[0]=11111111011111110111111111111111, sa_flags=SA_RESTART|SA_SIGINFO
SIGILL: [libjvm.dylib+0x73f3dc], sa_mask[0]=11111111011111110111111111111111, sa_flags=SA_RESTART|SA_SIGINFO
SIGUSR2: [libjvm.dylib+0x5f2bcc], sa_mask[0]=00100000000000000000000000000000, sa_flags=SA_RESTART|SA_SIGINFO
SIGHUP: [libjvm.dylib+0x5f1409], sa_mask[0]=11111111011111110111111111111111, sa_flags=SA_RESTART|SA_SIGINFO
SIGINT: [libjvm.dylib+0x5f1409], sa_mask[0]=11111111011111110111111111111111, sa_flags=SA_RESTART|SA_SIGINFO
SIGTERM: [libjvm.dylib+0x5f1409], sa_mask[0]=11111111011111110111111111111111, sa_flags=SA_RESTART|SA_SIGINFO
SIGQUIT: [libjvm.dylib+0x5f1409], sa_mask[0]=11111111011111110111111111111111, sa_flags=SA_RESTART|SA_SIGINFO


---------------  S Y S T E M  ---------------

OS:uname:Darwin 16.7.0 Darwin Kernel Version 16.7.0: Mon Nov 13 21:56:25 PST 2017; root:xnu-3789.72.11~1/RELEASE_X86_64 x86_64
rlimit: STACK 8192k, CORE 0k, NPROC 709, NOFILE 10240, AS infinity
load average:8.01 7.89 7.70

CPU:total 4 (initial active 4) (2 cores per cpu, 2 threads per core) family 6 model 61 stepping 4, cmov, cx8, fxsr, mmx, sse, sse2, sse3, ssse3, sse4.1, sse4.2, popcnt, avx, avx2, aes, clmul, erms, rtm, 3dnowpref, lzcnt, ht, tsc, tscinvbit, bmi1, bmi2, adx, fma

Memory: 4k page, physical 8388608k(58368k free)

vm_info: Java HotSpot(TM) 64-Bit Server VM (9.0.4+11) for bsd-amd64 JRE (9.0.4+11), built on Dec 20 2017 02:08:50 by "mach5one" with gcc 4.2.1 Compatible Apple LLVM 6.1.0 (clang-602.0.49)

END.
