#
# A fatal error has been detected by the Java Runtime Environment:
#
#  SIGSEGV (0xb) at pc=0x0000000101684889, pid=70591, tid=16643
#
# JRE version: Java(TM) SE Runtime Environment (9.0+11) (build 9.0.4+11)
# Java VM: Java HotSpot(TM) 64-Bit Server VM (9.0.4+11, mixed mode, tiered, compressed oops, g1 gc, bsd-amd64)
# Problematic frame:
# V  [libjvm.dylib+0x684889]
#
# No core dump will be written. Core dumps have been disabled. To enable core dumping, try "ulimit -c unlimited" before starting Java again
#
# If you would like to submit a bug report, please visit:
#   http://bugreport.java.com/bugreport/crash.jsp
#

---------------  S U M M A R Y ------------

Command Line: -agentlib:jdwp=transport=dt_socket,address=127.0.0.1:52689,suspend=y,server=n -javaagent:/Users/mollyroseclarfeld/Library/Caches/IntelliJIdea2017.3/captureAgent/debugger-agent.jar=/private/var/folders/hy/q56dnb993f7dvrs_g1ymnxh40000gn/T/capture.props -Dfile.encoding=UTF-8 lexer.LexicalAnalyzer

Host: MacBookAir7,2 x86_64 2200 MHz, 4 cores, 8G, Darwin 16.7.0
Time: Fri Mar  2 02:48:43 2018 EST elapsed time: 3849 seconds (0d 1h 4m 9s)

---------------  T H R E A D  ---------------

Current thread (0x00007fb604008800):  VMThread "VM Thread" [stack: 0x0000700009c33000,0x0000700009d33000] [id=16643]

Stack: [0x0000700009c33000,0x0000700009d33000],  sp=0x0000700009d321b0,  free space=1020k
Native frames: (J=compiled Java code, A=aot compiled Java code, j=interpreted, Vv=VM code, C=native code)
V  [libjvm.dylib+0x684889]
V  [libjvm.dylib+0x684e03]
V  [libjvm.dylib+0x351dfb]
V  [libjvm.dylib+0x3506d9]
V  [libjvm.dylib+0x3503ef]
V  [libjvm.dylib+0x3500d5]
V  [libjvm.dylib+0x352617]
V  [libjvm.dylib+0x5e8c48]
V  [libjvm.dylib+0x5e93ac]
V  [libjvm.dylib+0x5e9a7b]
V  [libjvm.dylib+0x5e98a7]
V  [libjvm.dylib+0x5b2be7]
V  [libjvm.dylib+0x4a7431]
V  [libjvm.dylib+0x747827]
V  [libjvm.dylib+0x746e9c]
V  [libjvm.dylib+0x746b8e]
V  [libjvm.dylib+0x7467b9]
V  [libjvm.dylib+0x5f02f3]
C  [libsystem_pthread.dylib+0x393b]  _pthread_body+0xb4
C  [libsystem_pthread.dylib+0x3887]  _pthread_body+0x0
C  [libsystem_pthread.dylib+0x308d]  thread_start+0xd


siginfo: si_signo: 11 (SIGSEGV), si_code: 1 (SEGV_MAPERR), si_addr: 0x0000000000000006

Register to memory mapping:

RAX=0x0000000000000000 is an unknown value
RBX=0x0000700009d32200 is an unknown value
RCX=0x0000000000000000 is an unknown value
RDX=0x0000000000000000 is an unknown value
RSP=0x0000700009d321b0 is an unknown value
RBP=0x0000700009d321c0 is an unknown value
RSI=0x0000000000000028 is an unknown value
RDI=0x0000700009d32200 is an unknown value
R8 =0x0000000000000140 is an unknown value
R9 =0x000000008fffffff is an unknown value
R10=0x000000000000000d is an unknown value
R11=0xffffffffffdfc1c0 is an unknown value
R12=0x0000700009d32200 is an unknown value
R13=0x0000700009d32858 is an unknown value
R14=0x0000000000000001 is an unknown value
R15=0x0000000000000140 is an unknown value


Registers:
RAX=0x0000000000000000, RBX=0x0000700009d32200, RCX=0x0000000000000000, RDX=0x0000000000000000
RSP=0x0000700009d321b0, RBP=0x0000700009d321c0, RSI=0x0000000000000028, RDI=0x0000700009d32200
R8 =0x0000000000000140, R9 =0x000000008fffffff, R10=0x000000000000000d, R11=0xffffffffffdfc1c0
R12=0x0000700009d32200, R13=0x0000700009d32858, R14=0x0000000000000001, R15=0x0000000000000140
RIP=0x0000000101684889, EFLAGS=0x0000000000010206, ERR=0x0000000000000004
  TRAPNO=0x000000000000000e

Top of Stack: (sp=0x0000700009d321b0)
0x0000700009d321b0:   0000700009d32640 0000700009d32200
0x0000700009d321c0:   0000700009d321f0 0000000101684e03
0x0000700009d321d0:   0000700009d32858 0000700009d32200
0x0000700009d321e0:   0000000000000001 0000000000000140
0x0000700009d321f0:   0000700009d32680 0000000101351dfb
0x0000700009d32200:   00000001018ebbf0 0000000000000000
0x0000700009d32210:   0000000000000000 00007fff00000005
0x0000700009d32220:   0000700009d32640 0000700000000000
0x0000700009d32230:   4fffffff4fffffff 0000700000000000
0x0000700009d32240:   000070002fffffff 000000012fffffff
0x0000700009d32250:   0000700009d322a0 000000002fffffff
0x0000700009d32260:   0000700009d326f0 00007fb602e1d180
0x0000700009d32270:   00007fb602d49fe0 00007fb602e1d194
0x0000700009d32280:   0000700009d322b0 0000000101684987
0x0000700009d32290:   0000000000000002 0000000000000001
0x0000700009d322a0:   0000000000000001 00007fffc274a309
0x0000700009d322b0:   0000000000000001 0000000000000001
0x0000700009d322c0:   0000000000000009 0000000000000000
0x0000700009d322d0:   0000000000000000 0000700009d32a00
0x0000700009d322e0:   000000010000002d 0000700009d32708
0x0000700009d322f0:   0000000000000000 00000001ffffffff
0x0000700009d32300:   0000000000000000 0000000300000005
0x0000700009d32310:   0000000000000001 00000001017b800c
0x0000700009d32320:   0000700009d3253f 0000700000000000
0x0000700009d32330:   0000700000000001 000000014fffffff
0x0000700009d32340:   0000700009d32390 00007fffc2700438
0x0000700009d32350:   0000700009d32518 0000000000000000
0x0000700009d32360:   0000700009d324f8 0000000000000000
0x0000700009d32370:   00007fffc2748680 0000000000000000
0x0000700009d32380:   000000010176d761 0000000000000025
0x0000700009d32390:   0000700009d32780 00007fffc270a98b
0x0000700009d323a0:   0000000000000001 0000000000000000 

Instructions: (pc=0x0000000101684889)
0x0000000101684869:   07 48 89 77 08 c7 47 14 00 00 00 00 5d c3 90 55
0x0000000101684879:   48 89 e5 53 50 48 89 fb 48 8b 4b 08 48 63 43 10
0x0000000101684889:   0f b6 4c 01 06 40 0f b6 d6 39 d1 74 26 40 0f be
0x0000000101684899:   ce 48 8d 3d b5 d5 14 00 48 8d 15 b1 d6 14 00 be 

VM_Operation (0x000070000a64da18): GetOrSetLocal, mode: safepoint, requested by thread 0x00007fb60303d000


---------------  P R O C E S S  ---------------

Java Threads: ( => current thread )
  0x00007fb603051000 JavaThread "Service Thread" daemon [_thread_blocked, id=26371, stack(0x000070000a857000,0x000070000a957000)]
  0x00007fb60303f000 JavaThread "JDWP Command Reader" daemon [_thread_in_native, id=25859, stack(0x000070000a754000,0x000070000a854000)]
  0x00007fb60303e000 JavaThread "JDWP Event Helper Thread" daemon [_thread_blocked, id=25347, stack(0x000070000a651000,0x000070000a751000)]
  0x00007fb60303d000 JavaThread "JDWP Transport Listener: dt_socket" daemon [_thread_blocked, id=24835, stack(0x000070000a54e000,0x000070000a64e000)]
  0x00007fb6038c0000 JavaThread "Common-Cleaner" daemon [_thread_blocked, id=24323, stack(0x000070000a44b000,0x000070000a54b000)]
  0x00007fb60405a800 JavaThread "Sweeper thread" daemon [_thread_blocked, id=23811, stack(0x000070000a348000,0x000070000a448000)]
  0x00007fb603015800 JavaThread "C1 CompilerThread2" daemon [_thread_blocked, id=23299, stack(0x000070000a245000,0x000070000a345000)]
  0x00007fb603003000 JavaThread "C2 CompilerThread1" daemon [_thread_blocked, id=22787, stack(0x000070000a142000,0x000070000a242000)]
  0x00007fb603899000 JavaThread "C2 CompilerThread0" daemon [_thread_blocked, id=22275, stack(0x000070000a03f000,0x000070000a13f000)]
  0x00007fb60481d000 JavaThread "Signal Dispatcher" daemon [_thread_blocked, id=21763, stack(0x0000700009f3c000,0x000070000a03c000)]
  0x00007fb60406c800 JavaThread "Finalizer" daemon [_thread_blocked, id=17667, stack(0x0000700009e39000,0x0000700009f39000)]
  0x00007fb603863000 JavaThread "Reference Handler" daemon [_thread_blocked, id=17155, stack(0x0000700009d36000,0x0000700009e36000)]
  0x00007fb60400b000 JavaThread "main" [_thread_blocked, id=7427, stack(0x000070000900f000,0x000070000910f000)]

Other Threads:
=>0x00007fb604008800 VMThread "VM Thread" [stack: 0x0000700009c33000,0x0000700009d33000] [id=16643]
  0x00007fb60385a000 WatcherThread [stack: 0x000070000a95a000,0x000070000aa5a000] [id=26883]
  0x00007fb603000800 GCTaskThread "GC Thread#0" [stack: 0x0000700009112000,0x0000700009212000] [id=10499]
  0x00007fb60300d800 GCTaskThread "GC Thread#1" [stack: 0x0000700009215000,0x0000700009315000] [id=11011]
  0x00007fb603805800 GCTaskThread "GC Thread#2" [stack: 0x0000700009318000,0x0000700009418000] [id=11523]
  0x00007fb603806000 GCTaskThread "GC Thread#3" [stack: 0x000070000941b000,0x000070000951b000] [id=12035]
  0x00007fb60382e000 ConcurrentGCThread "G1 Main Marker" [stack: 0x0000700009a2d000,0x0000700009b2d000] [id=15107]
  0x00007fb60382e800 ConcurrentGCThread "G1 Marker#0" [stack: 0x0000700009b30000,0x0000700009c30000] [id=16131]
  0x00007fb603808000 ConcurrentGCThread "G1 Refine#0" [stack: 0x0000700009827000,0x0000700009927000] [id=14083]
  0x00007fb603807800 ConcurrentGCThread "G1 Refine#1" [stack: 0x0000700009724000,0x0000700009824000] [id=13571]
  0x00007fb604800000 ConcurrentGCThread "G1 Refine#2" [stack: 0x0000700009621000,0x0000700009721000] [id=13059]
  0x00007fb603806800 ConcurrentGCThread "G1 Refine#3" [stack: 0x000070000951e000,0x000070000961e000] [id=12547]
  0x00007fb603809000 ConcurrentGCThread "G1 Young RemSet Sampling" [stack: 0x000070000992a000,0x0000700009a2a000] [id=14595]

Threads with active compile tasks:

VM state:at safepoint (normal execution)

VM Mutex/Monitor currently owned by a thread:  ([mutex/lock_event])
[0x00007fb602e08c60] Threads_lock - owner thread: 0x00007fb604008800

Heap address: 0x0000000740000000, size: 2048 MB, Compressed Oops mode: Zero based, Oop shift amount: 3
Narrow klass base: 0x0000000000000000, Narrow klass shift: 3
Compressed class space size: 1073741824 Address: 0x00000007c0000000

Heap:
 garbage-first heap   total 131072K, used 3072K [0x0000000740000000, 0x0000000740100400, 0x00000007c0000000)
  region size 1024K, 4 young (4096K), 0 survivors (0K)
 Metaspace       used 5123K, capacity 5264K, committed 5376K, reserved 1056768K
  class space    used 438K, capacity 496K, committed 512K, reserved 1048576K
Heap Regions: E=young(eden), S=young(survivor), O=old, HS=humongous(starts), HC=humongous(continues), CS=collection set, F=free, A=archive, TS=gc time stamp, AC=allocation context, TAMS=top-at-mark-start (previous, next)
|   0|0x0000000740000000, 0x0000000740000000, 0x0000000740100000|  0%| F|  |TS  0|AC  0|TAMS 0x0000000740000000, 0x0000000740000000|
|   1|0x0000000740100000, 0x0000000740100000, 0x0000000740200000|  0%| F|  |TS  0|AC  0|TAMS 0x0000000740100000, 0x0000000740100000|
|   2|0x0000000740200000, 0x0000000740200000, 0x0000000740300000|  0%| F|  |TS  0|AC  0|TAMS 0x0000000740200000, 0x0000000740200000|
|   3|0x0000000740300000, 0x0000000740300000, 0x0000000740400000|  0%| F|  |TS  0|AC  0|TAMS 0x0000000740300000, 0x0000000740300000|
|   4|0x0000000740400000, 0x0000000740400000, 0x0000000740500000|  0%| F|  |TS  0|AC  0|TAMS 0x0000000740400000, 0x0000000740400000|
|   5|0x0000000740500000, 0x0000000740500000, 0x0000000740600000|  0%| F|  |TS  0|AC  0|TAMS 0x0000000740500000, 0x0000000740500000|
|   6|0x0000000740600000, 0x0000000740600000, 0x0000000740700000|  0%| F|  |TS  0|AC  0|TAMS 0x0000000740600000, 0x0000000740600000|
|   7|0x0000000740700000, 0x0000000740700000, 0x0000000740800000|  0%| F|  |TS  0|AC  0|TAMS 0x0000000740700000, 0x0000000740700000|
|   8|0x0000000740800000, 0x0000000740800000, 0x0000000740900000|  0%| F|  |TS  0|AC  0|TAMS 0x0000000740800000, 0x0000000740800000|
|   9|0x0000000740900000, 0x0000000740900000, 0x0000000740a00000|  0%| F|  |TS  0|AC  0|TAMS 0x0000000740900000, 0x0000000740900000|
|  10|0x0000000740a00000, 0x0000000740a00000, 0x0000000740b00000|  0%| F|  |TS  0|AC  0|TAMS 0x0000000740a00000, 0x0000000740a00000|
|  11|0x0000000740b00000, 0x0000000740b00000, 0x0000000740c00000|  0%| F|  |TS  0|AC  0|TAMS 0x0000000740b00000, 0x0000000740b00000|
|  12|0x0000000740c00000, 0x0000000740c00000, 0x0000000740d00000|  0%| F|  |TS  0|AC  0|TAMS 0x0000000740c00000, 0x0000000740c00000|
|  13|0x0000000740d00000, 0x0000000740d00000, 0x0000000740e00000|  0%| F|  |TS  0|AC  0|TAMS 0x0000000740d00000, 0x0000000740d00000|
|  14|0x0000000740e00000, 0x0000000740e00000, 0x0000000740f00000|  0%| F|  |TS  0|AC  0|TAMS 0x0000000740e00000, 0x0000000740e00000|
|  15|0x0000000740f00000, 0x0000000740f00000, 0x0000000741000000|  0%| F|  |TS  0|AC  0|TAMS 0x0000000740f00000, 0x0000000740f00000|
|  16|0x0000000741000000, 0x0000000741000000, 0x0000000741100000|  0%| F|  |TS  0|AC  0|TAMS 0x0000000741000000, 0x0000000741000000|
|  17|0x0000000741100000, 0x0000000741100000, 0x0000000741200000|  0%| F|  |TS  0|AC  0|TAMS 0x0000000741100000, 0x0000000741100000|
|  18|0x0000000741200000, 0x0000000741200000, 0x0000000741300000|  0%| F|  |TS  0|AC  0|TAMS 0x0000000741200000, 0x0000000741200000|
|  19|0x0000000741300000, 0x0000000741300000, 0x0000000741400000|  0%| F|  |TS  0|AC  0|TAMS 0x0000000741300000, 0x0000000741300000|
|  20|0x0000000741400000, 0x0000000741400000, 0x0000000741500000|  0%| F|  |TS  0|AC  0|TAMS 0x0000000741400000, 0x0000000741400000|
|  21|0x0000000741500000, 0x0000000741500000, 0x0000000741600000|  0%| F|  |TS  0|AC  0|TAMS 0x0000000741500000, 0x0000000741500000|
|  22|0x0000000741600000, 0x0000000741600000, 0x0000000741700000|  0%| F|  |TS  0|AC  0|TAMS 0x0000000741600000, 0x0000000741600000|
|  23|0x0000000741700000, 0x0000000741700000, 0x0000000741800000|  0%| F|  |TS  0|AC  0|TAMS 0x0000000741700000, 0x0000000741700000|
|  24|0x0000000741800000, 0x0000000741800000, 0x0000000741900000|  0%| F|  |TS  0|AC  0|TAMS 0x0000000741800000, 0x0000000741800000|
|  25|0x0000000741900000, 0x0000000741900000, 0x0000000741a00000|  0%| F|  |TS  0|AC  0|TAMS 0x0000000741900000, 0x0000000741900000|
|  26|0x0000000741a00000, 0x0000000741a00000, 0x0000000741b00000|  0%| F|  |TS  0|AC  0|TAMS 0x0000000741a00000, 0x0000000741a00000|
|  27|0x0000000741b00000, 0x0000000741b00000, 0x0000000741c00000|  0%| F|  |TS  0|AC  0|TAMS 0x0000000741b00000, 0x0000000741b00000|
|  28|0x0000000741c00000, 0x0000000741c00000, 0x0000000741d00000|  0%| F|  |TS  0|AC  0|TAMS 0x0000000741c00000, 0x0000000741c00000|
|  29|0x0000000741d00000, 0x0000000741d00000, 0x0000000741e00000|  0%| F|  |TS  0|AC  0|TAMS 0x0000000741d00000, 0x0000000741d00000|
|  30|0x0000000741e00000, 0x0000000741e00000, 0x0000000741f00000|  0%| F|  |TS  0|AC  0|TAMS 0x0000000741e00000, 0x0000000741e00000|
|  31|0x0000000741f00000, 0x0000000741f00000, 0x0000000742000000|  0%| F|  |TS  0|AC  0|TAMS 0x0000000741f00000, 0x0000000741f00000|
|  32|0x0000000742000000, 0x0000000742000000, 0x0000000742100000|  0%| F|  |TS  0|AC  0|TAMS 0x0000000742000000, 0x0000000742000000|
|  33|0x0000000742100000, 0x0000000742100000, 0x0000000742200000|  0%| F|  |TS  0|AC  0|TAMS 0x0000000742100000, 0x0000000742100000|
|  34|0x0000000742200000, 0x0000000742200000, 0x0000000742300000|  0%| F|  |TS  0|AC  0|TAMS 0x0000000742200000, 0x0000000742200000|
|  35|0x0000000742300000, 0x0000000742300000, 0x0000000742400000|  0%| F|  |TS  0|AC  0|TAMS 0x0000000742300000, 0x0000000742300000|
|  36|0x0000000742400000, 0x0000000742400000, 0x0000000742500000|  0%| F|  |TS  0|AC  0|TAMS 0x0000000742400000, 0x0000000742400000|
|  37|0x0000000742500000, 0x0000000742500000, 0x0000000742600000|  0%| F|  |TS  0|AC  0|TAMS 0x0000000742500000, 0x0000000742500000|
|  38|0x0000000742600000, 0x0000000742600000, 0x0000000742700000|  0%| F|  |TS  0|AC  0|TAMS 0x0000000742600000, 0x0000000742600000|
|  39|0x0000000742700000, 0x0000000742700000, 0x0000000742800000|  0%| F|  |TS  0|AC  0|TAMS 0x0000000742700000, 0x0000000742700000|
|  40|0x0000000742800000, 0x0000000742800000, 0x0000000742900000|  0%| F|  |TS  0|AC  0|TAMS 0x0000000742800000, 0x0000000742800000|
|  41|0x0000000742900000, 0x0000000742900000, 0x0000000742a00000|  0%| F|  |TS  0|AC  0|TAMS 0x0000000742900000, 0x0000000742900000|
|  42|0x0000000742a00000, 0x0000000742a00000, 0x0000000742b00000|  0%| F|  |TS  0|AC  0|TAMS 0x0000000742a00000, 0x0000000742a00000|
|  43|0x0000000742b00000, 0x0000000742b00000, 0x0000000742c00000|  0%| F|  |TS  0|AC  0|TAMS 0x0000000742b00000, 0x0000000742b00000|
|  44|0x0000000742c00000, 0x0000000742c00000, 0x0000000742d00000|  0%| F|  |TS  0|AC  0|TAMS 0x0000000742c00000, 0x0000000742c00000|
|  45|0x0000000742d00000, 0x0000000742d00000, 0x0000000742e00000|  0%| F|  |TS  0|AC  0|TAMS 0x0000000742d00000, 0x0000000742d00000|
|  46|0x0000000742e00000, 0x0000000742e00000, 0x0000000742f00000|  0%| F|  |TS  0|AC  0|TAMS 0x0000000742e00000, 0x0000000742e00000|
|  47|0x0000000742f00000, 0x0000000742f00000, 0x0000000743000000|  0%| F|  |TS  0|AC  0|TAMS 0x0000000742f00000, 0x0000000742f00000|
|  48|0x0000000743000000, 0x0000000743000000, 0x0000000743100000|  0%| F|  |TS  0|AC  0|TAMS 0x0000000743000000, 0x0000000743000000|
|  49|0x0000000743100000, 0x0000000743100000, 0x0000000743200000|  0%| F|  |TS  0|AC  0|TAMS 0x0000000743100000, 0x0000000743100000|
|  50|0x0000000743200000, 0x0000000743200000, 0x0000000743300000|  0%| F|  |TS  0|AC  0|TAMS 0x0000000743200000, 0x0000000743200000|
|  51|0x0000000743300000, 0x0000000743300000, 0x0000000743400000|  0%| F|  |TS  0|AC  0|TAMS 0x0000000743300000, 0x0000000743300000|
|  52|0x0000000743400000, 0x0000000743400000, 0x0000000743500000|  0%| F|  |TS  0|AC  0|TAMS 0x0000000743400000, 0x0000000743400000|
|  53|0x0000000743500000, 0x0000000743500000, 0x0000000743600000|  0%| F|  |TS  0|AC  0|TAMS 0x0000000743500000, 0x0000000743500000|
|  54|0x0000000743600000, 0x0000000743600000, 0x0000000743700000|  0%| F|  |TS  0|AC  0|TAMS 0x0000000743600000, 0x0000000743600000|
|  55|0x0000000743700000, 0x0000000743700000, 0x0000000743800000|  0%| F|  |TS  0|AC  0|TAMS 0x0000000743700000, 0x0000000743700000|
|  56|0x0000000743800000, 0x0000000743800000, 0x0000000743900000|  0%| F|  |TS  0|AC  0|TAMS 0x0000000743800000, 0x0000000743800000|
|  57|0x0000000743900000, 0x0000000743900000, 0x0000000743a00000|  0%| F|  |TS  0|AC  0|TAMS 0x0000000743900000, 0x0000000743900000|
|  58|0x0000000743a00000, 0x0000000743a00000, 0x0000000743b00000|  0%| F|  |TS  0|AC  0|TAMS 0x0000000743a00000, 0x0000000743a00000|
|  59|0x0000000743b00000, 0x0000000743b00000, 0x0000000743c00000|  0%| F|  |TS  0|AC  0|TAMS 0x0000000743b00000, 0x0000000743b00000|
|  60|0x0000000743c00000, 0x0000000743c00000, 0x0000000743d00000|  0%| F|  |TS  0|AC  0|TAMS 0x0000000743c00000, 0x0000000743c00000|
|  61|0x0000000743d00000, 0x0000000743d00000, 0x0000000743e00000|  0%| F|  |TS  0|AC  0|TAMS 0x0000000743d00000, 0x0000000743d00000|
|  62|0x0000000743e00000, 0x0000000743e00000, 0x0000000743f00000|  0%| F|  |TS  0|AC  0|TAMS 0x0000000743e00000, 0x0000000743e00000|
|  63|0x0000000743f00000, 0x0000000743f00000, 0x0000000744000000|  0%| F|  |TS  0|AC  0|TAMS 0x0000000743f00000, 0x0000000743f00000|
|  64|0x0000000744000000, 0x0000000744000000, 0x0000000744100000|  0%| F|  |TS  0|AC  0|TAMS 0x0000000744000000, 0x0000000744000000|
|  65|0x0000000744100000, 0x0000000744100000, 0x0000000744200000|  0%| F|  |TS  0|AC  0|TAMS 0x0000000744100000, 0x0000000744100000|
|  66|0x0000000744200000, 0x0000000744200000, 0x0000000744300000|  0%| F|  |TS  0|AC  0|TAMS 0x0000000744200000, 0x0000000744200000|
|  67|0x0000000744300000, 0x0000000744300000, 0x0000000744400000|  0%| F|  |TS  0|AC  0|TAMS 0x0000000744300000, 0x0000000744300000|
|  68|0x0000000744400000, 0x0000000744400000, 0x0000000744500000|  0%| F|  |TS  0|AC  0|TAMS 0x0000000744400000, 0x0000000744400000|
|  69|0x0000000744500000, 0x0000000744500000, 0x0000000744600000|  0%| F|  |TS  0|AC  0|TAMS 0x0000000744500000, 0x0000000744500000|
|  70|0x0000000744600000, 0x0000000744600000, 0x0000000744700000|  0%| F|  |TS  0|AC  0|TAMS 0x0000000744600000, 0x0000000744600000|
|  71|0x0000000744700000, 0x0000000744700000, 0x0000000744800000|  0%| F|  |TS  0|AC  0|TAMS 0x0000000744700000, 0x0000000744700000|
|  72|0x0000000744800000, 0x0000000744800000, 0x0000000744900000|  0%| F|  |TS  0|AC  0|TAMS 0x0000000744800000, 0x0000000744800000|
|  73|0x0000000744900000, 0x0000000744900000, 0x0000000744a00000|  0%| F|  |TS  0|AC  0|TAMS 0x0000000744900000, 0x0000000744900000|
|  74|0x0000000744a00000, 0x0000000744a00000, 0x0000000744b00000|  0%| F|  |TS  0|AC  0|TAMS 0x0000000744a00000, 0x0000000744a00000|
|  75|0x0000000744b00000, 0x0000000744b00000, 0x0000000744c00000|  0%| F|  |TS  0|AC  0|TAMS 0x0000000744b00000, 0x0000000744b00000|
|  76|0x0000000744c00000, 0x0000000744c00000, 0x0000000744d00000|  0%| F|  |TS  0|AC  0|TAMS 0x0000000744c00000, 0x0000000744c00000|
|  77|0x0000000744d00000, 0x0000000744d00000, 0x0000000744e00000|  0%| F|  |TS  0|AC  0|TAMS 0x0000000744d00000, 0x0000000744d00000|
|  78|0x0000000744e00000, 0x0000000744e00000, 0x0000000744f00000|  0%| F|  |TS  0|AC  0|TAMS 0x0000000744e00000, 0x0000000744e00000|
|  79|0x0000000744f00000, 0x0000000744f00000, 0x0000000745000000|  0%| F|  |TS  0|AC  0|TAMS 0x0000000744f00000, 0x0000000744f00000|
|  80|0x0000000745000000, 0x0000000745000000, 0x0000000745100000|  0%| F|  |TS  0|AC  0|TAMS 0x0000000745000000, 0x0000000745000000|
|  81|0x0000000745100000, 0x0000000745100000, 0x0000000745200000|  0%| F|  |TS  0|AC  0|TAMS 0x0000000745100000, 0x0000000745100000|
|  82|0x0000000745200000, 0x0000000745200000, 0x0000000745300000|  0%| F|  |TS  0|AC  0|TAMS 0x0000000745200000, 0x0000000745200000|
|  83|0x0000000745300000, 0x0000000745300000, 0x0000000745400000|  0%| F|  |TS  0|AC  0|TAMS 0x0000000745300000, 0x0000000745300000|
|  84|0x0000000745400000, 0x0000000745400000, 0x0000000745500000|  0%| F|  |TS  0|AC  0|TAMS 0x0000000745400000, 0x0000000745400000|
|  85|0x0000000745500000, 0x0000000745500000, 0x0000000745600000|  0%| F|  |TS  0|AC  0|TAMS 0x0000000745500000, 0x0000000745500000|
|  86|0x0000000745600000, 0x0000000745600000, 0x0000000745700000|  0%| F|  |TS  0|AC  0|TAMS 0x0000000745600000, 0x0000000745600000|
|  87|0x0000000745700000, 0x0000000745700000, 0x0000000745800000|  0%| F|  |TS  0|AC  0|TAMS 0x0000000745700000, 0x0000000745700000|
|  88|0x0000000745800000, 0x0000000745800000, 0x0000000745900000|  0%| F|  |TS  0|AC  0|TAMS 0x0000000745800000, 0x0000000745800000|
|  89|0x0000000745900000, 0x0000000745900000, 0x0000000745a00000|  0%| F|  |TS  0|AC  0|TAMS 0x0000000745900000, 0x0000000745900000|
|  90|0x0000000745a00000, 0x0000000745a00000, 0x0000000745b00000|  0%| F|  |TS  0|AC  0|TAMS 0x0000000745a00000, 0x0000000745a00000|
|  91|0x0000000745b00000, 0x0000000745b00000, 0x0000000745c00000|  0%| F|  |TS  0|AC  0|TAMS 0x0000000745b00000, 0x0000000745b00000|
|  92|0x0000000745c00000, 0x0000000745c00000, 0x0000000745d00000|  0%| F|  |TS  0|AC  0|TAMS 0x0000000745c00000, 0x0000000745c00000|
|  93|0x0000000745d00000, 0x0000000745d00000, 0x0000000745e00000|  0%| F|  |TS  0|AC  0|TAMS 0x0000000745d00000, 0x0000000745d00000|
|  94|0x0000000745e00000, 0x0000000745e00000, 0x0000000745f00000|  0%| F|  |TS  0|AC  0|TAMS 0x0000000745e00000, 0x0000000745e00000|
|  95|0x0000000745f00000, 0x0000000745f00000, 0x0000000746000000|  0%| F|  |TS  0|AC  0|TAMS 0x0000000745f00000, 0x0000000745f00000|
|  96|0x0000000746000000, 0x0000000746000000, 0x0000000746100000|  0%| F|  |TS  0|AC  0|TAMS 0x0000000746000000, 0x0000000746000000|
|  97|0x0000000746100000, 0x0000000746100000, 0x0000000746200000|  0%| F|  |TS  0|AC  0|TAMS 0x0000000746100000, 0x0000000746100000|
|  98|0x0000000746200000, 0x0000000746200000, 0x0000000746300000|  0%| F|  |TS  0|AC  0|TAMS 0x0000000746200000, 0x0000000746200000|
|  99|0x0000000746300000, 0x0000000746300000, 0x0000000746400000|  0%| F|  |TS  0|AC  0|TAMS 0x0000000746300000, 0x0000000746300000|
| 100|0x0000000746400000, 0x0000000746400000, 0x0000000746500000|  0%| F|  |TS  0|AC  0|TAMS 0x0000000746400000, 0x0000000746400000|
| 101|0x0000000746500000, 0x0000000746500000, 0x0000000746600000|  0%| F|  |TS  0|AC  0|TAMS 0x0000000746500000, 0x0000000746500000|
| 102|0x0000000746600000, 0x0000000746600000, 0x0000000746700000|  0%| F|  |TS  0|AC  0|TAMS 0x0000000746600000, 0x0000000746600000|
| 103|0x0000000746700000, 0x0000000746700000, 0x0000000746800000|  0%| F|  |TS  0|AC  0|TAMS 0x0000000746700000, 0x0000000746700000|
| 104|0x0000000746800000, 0x0000000746800000, 0x0000000746900000|  0%| F|  |TS  0|AC  0|TAMS 0x0000000746800000, 0x0000000746800000|
| 105|0x0000000746900000, 0x0000000746900000, 0x0000000746a00000|  0%| F|  |TS  0|AC  0|TAMS 0x0000000746900000, 0x0000000746900000|
| 106|0x0000000746a00000, 0x0000000746a00000, 0x0000000746b00000|  0%| F|  |TS  0|AC  0|TAMS 0x0000000746a00000, 0x0000000746a00000|
| 107|0x0000000746b00000, 0x0000000746b00000, 0x0000000746c00000|  0%| F|  |TS  0|AC  0|TAMS 0x0000000746b00000, 0x0000000746b00000|
| 108|0x0000000746c00000, 0x0000000746c00000, 0x0000000746d00000|  0%| F|  |TS  0|AC  0|TAMS 0x0000000746c00000, 0x0000000746c00000|
| 109|0x0000000746d00000, 0x0000000746d00000, 0x0000000746e00000|  0%| F|  |TS  0|AC  0|TAMS 0x0000000746d00000, 0x0000000746d00000|
| 110|0x0000000746e00000, 0x0000000746e00000, 0x0000000746f00000|  0%| F|  |TS  0|AC  0|TAMS 0x0000000746e00000, 0x0000000746e00000|
| 111|0x0000000746f00000, 0x0000000746f00000, 0x0000000747000000|  0%| F|  |TS  0|AC  0|TAMS 0x0000000746f00000, 0x0000000746f00000|
| 112|0x0000000747000000, 0x0000000747000000, 0x0000000747100000|  0%| F|  |TS  0|AC  0|TAMS 0x0000000747000000, 0x0000000747000000|
| 113|0x0000000747100000, 0x0000000747100000, 0x0000000747200000|  0%| F|  |TS  0|AC  0|TAMS 0x0000000747100000, 0x0000000747100000|
| 114|0x0000000747200000, 0x0000000747200000, 0x0000000747300000|  0%| F|  |TS  0|AC  0|TAMS 0x0000000747200000, 0x0000000747200000|
| 115|0x0000000747300000, 0x0000000747300000, 0x0000000747400000|  0%| F|  |TS  0|AC  0|TAMS 0x0000000747300000, 0x0000000747300000|
| 116|0x0000000747400000, 0x0000000747400000, 0x0000000747500000|  0%| F|  |TS  0|AC  0|TAMS 0x0000000747400000, 0x0000000747400000|
| 117|0x0000000747500000, 0x0000000747500000, 0x0000000747600000|  0%| F|  |TS  0|AC  0|TAMS 0x0000000747500000, 0x0000000747500000|
| 118|0x0000000747600000, 0x0000000747600000, 0x0000000747700000|  0%| F|  |TS  0|AC  0|TAMS 0x0000000747600000, 0x0000000747600000|
| 119|0x0000000747700000, 0x0000000747700000, 0x0000000747800000|  0%| F|  |TS  0|AC  0|TAMS 0x0000000747700000, 0x0000000747700000|
| 120|0x0000000747800000, 0x0000000747800000, 0x0000000747900000|  0%| F|  |TS  0|AC  0|TAMS 0x0000000747800000, 0x0000000747800000|
| 121|0x0000000747900000, 0x0000000747900000, 0x0000000747a00000|  0%| F|  |TS  0|AC  0|TAMS 0x0000000747900000, 0x0000000747900000|
| 122|0x0000000747a00000, 0x0000000747a00000, 0x0000000747b00000|  0%| F|  |TS  0|AC  0|TAMS 0x0000000747a00000, 0x0000000747a00000|
| 123|0x0000000747b00000, 0x0000000747b00000, 0x0000000747c00000|  0%| F|  |TS  0|AC  0|TAMS 0x0000000747b00000, 0x0000000747b00000|
| 124|0x0000000747c00000, 0x0000000747c49f00, 0x0000000747d00000| 28%| E|  |TS  0|AC  0|TAMS 0x0000000747c00000, 0x0000000747c00000|
| 125|0x0000000747d00000, 0x0000000747e00000, 0x0000000747e00000|100%| E|CS|TS  0|AC  0|TAMS 0x0000000747d00000, 0x0000000747d00000|
| 126|0x0000000747e00000, 0x0000000747f00000, 0x0000000747f00000|100%| E|CS|TS  0|AC  0|TAMS 0x0000000747e00000, 0x0000000747e00000|
| 127|0x0000000747f00000, 0x0000000748000000, 0x0000000748000000|100%| E|CS|TS  0|AC  0|TAMS 0x0000000747f00000, 0x0000000747f00000|

Card table byte_map: [0x0000000102a79000,0x0000000102e79000] byte_map_base: 0x00000000ff079000

Marking Bits (Prev, Next): (CMBitMap*) 0x00007fb60382d270, (CMBitMap*) 0x00007fb60382d2a8
 Prev Bits: [0x0000000103279000, 0x0000000105279000)
 Next Bits: [0x0000000105279000, 0x0000000107279000)

Polling page: 0x000000010071c000

CodeHeap 'non-profiled nmethods': size=120032Kb used=53Kb max_used=53Kb free=119978Kb
 bounds [0x000000011c22e000, 0x000000011c49e000, 0x0000000123766000]
CodeHeap 'profiled nmethods': size=120032Kb used=234Kb max_used=234Kb free=119797Kb
 bounds [0x0000000114cf6000, 0x0000000114f66000, 0x000000011c22e000]
CodeHeap 'non-nmethods': size=5696Kb used=1150Kb max_used=1161Kb free=4545Kb
 bounds [0x0000000114766000, 0x00000001149d6000, 0x0000000114cf6000]
 total_blobs=532 nmethods=185 adapters=201
 compilation: enabled

Compilation events (10 events):
Event: 0.469 Thread 0x00007fb603015800  181       3       java.util.Arrays::copyOf (19 bytes)
Event: 0.470 Thread 0x00007fb603015800 nmethod 181 0x0000000114d2ef90 code [0x0000000114d2f160, 0x0000000114d2f488]
Event: 0.470 Thread 0x00007fb603015800  182       3       java.lang.AbstractStringBuilder::<init> (39 bytes)
Event: 0.470 Thread 0x00007fb603015800 nmethod 182 0x0000000114d2f610 code [0x0000000114d2f7c0, 0x0000000114d2fa90]
Event: 0.470 Thread 0x00007fb603015800  183       1       java.nio.Buffer::position (5 bytes)
Event: 0.470 Thread 0x00007fb603015800 nmethod 183 0x000000011c23b110 code [0x000000011c23b2c0, 0x000000011c23b3d0]
Event: 0.470 Thread 0x00007fb603015800  184       3       java.lang.StringBuilder::toString (35 bytes)
Event: 0.471 Thread 0x00007fb603015800 nmethod 184 0x0000000114d2fb90 code [0x0000000114d2fd80, 0x0000000114d302f8]
Event: 0.471 Thread 0x00007fb603015800  185       3       java.lang.String::startsWith (7 bytes)
Event: 0.471 Thread 0x00007fb603015800 nmethod 185 0x0000000114d30490 code [0x0000000114d30640, 0x0000000114d30868]

GC Heap History (0 events):
No events

Deoptimization events (0 events):
No events

Classes redefined (9 events):
Event: 509.396 Thread 0x00007fb604008800 redefined class name=lexer.Tokenizer, count=1
Event: 693.056 Thread 0x00007fb604008800 redefined class name=lexer.Tokenizer, count=2
Event: 1633.809 Thread 0x00007fb604008800 redefined class name=lexer.Tokenizer, count=3
Event: 1784.775 Thread 0x00007fb604008800 redefined class name=lexer.Tokenizer, count=4
Event: 2103.079 Thread 0x00007fb604008800 redefined class name=lexer.Tokenizer, count=5
Event: 2522.185 Thread 0x00007fb604008800 redefined class name=lexer.Tokenizer, count=6
Event: 3193.742 Thread 0x00007fb604008800 redefined class name=lexer.Tokenizer, count=7
Event: 3756.017 Thread 0x00007fb604008800 redefined class name=lexer.Tokenizer, count=8
Event: 3849.085 Thread 0x00007fb604008800 redefined class name=lexer.Tokenizer, count=9

Internal exceptions (0 events):
No events

Events (10 events):
Event: 3849.196 Executing VM operation: ChangeBreakpoints done
Event: 3849.198 Executing VM operation: ChangeBreakpoints
Event: 3849.198 Executing VM operation: ChangeBreakpoints done
Event: 3849.199 Executing VM operation: GetFrameCount
Event: 3849.199 Executing VM operation: GetFrameCount done
Event: 3849.199 Executing VM operation: GetFrameLocation
Event: 3849.199 Executing VM operation: GetFrameLocation done
Event: 3849.200 Executing VM operation: GetFrameLocation
Event: 3849.200 Executing VM operation: GetFrameLocation done
Event: 3849.200 Executing VM operation: GetOrSetLocal


Dynamic libraries:
0x00007fffac8e7000 	/System/Library/Frameworks/Cocoa.framework/Versions/A/Cocoa
0x00007fffb318a000 	/System/Library/Frameworks/Security.framework/Versions/A/Security
0x00007fffab7a0000 	/System/Library/Frameworks/ApplicationServices.framework/Versions/A/ApplicationServices
0x00007fffc258f000 	/usr/lib/libz.1.dylib
0x00007fffc10e2000 	/usr/lib/libSystem.B.dylib
0x00007ffface7d000 	/System/Library/Frameworks/CoreFoundation.framework/Versions/A/CoreFoundation
0x00007fffae8f5000 	/System/Library/Frameworks/Foundation.framework/Versions/C/Foundation
0x00007fffc1d90000 	/usr/lib/libobjc.A.dylib
0x00007fffaa9b5000 	/System/Library/Frameworks/AppKit.framework/Versions/C/AppKit
0x00007fffacad3000 	/System/Library/Frameworks/CoreData.framework/Versions/A/CoreData
0x00007fffbdb67000 	/System/Library/PrivateFrameworks/RemoteViewServices.framework/Versions/A/RemoteViewServices
0x00007fffbfb52000 	/System/Library/PrivateFrameworks/UIFoundation.framework/Versions/A/UIFoundation
0x00007fffb8f0b000 	/System/Library/PrivateFrameworks/DFRFoundation.framework/Versions/A/DFRFoundation
0x00007fffc16d3000 	/usr/lib/libenergytrace.dylib
0x00007fffbe994000 	/System/Library/PrivateFrameworks/SkyLight.framework/Versions/A/SkyLight
0x00007fffad317000 	/System/Library/Frameworks/CoreGraphics.framework/Versions/A/CoreGraphics
0x00007fffc10dd000 	/usr/lib/libScreenReader.dylib
0x00007fffa99d7000 	/System/Library/Frameworks/Accelerate.framework/Versions/A/Accelerate
0x00007fffaeef3000 	/System/Library/Frameworks/IOSurface.framework/Versions/A/IOSurface
0x00007fffabcc3000 	/System/Library/Frameworks/AudioToolbox.framework/Versions/A/AudioToolbox
0x00007fffabed0000 	/System/Library/Frameworks/AudioUnit.framework/Versions/A/AudioUnit
0x00007fffb8f50000 	/System/Library/PrivateFrameworks/DataDetectorsCore.framework/Versions/A/DataDetectorsCore
0x00007fffb9041000 	/System/Library/PrivateFrameworks/DesktopServicesPriv.framework/Versions/A/DesktopServicesPriv
0x00007fffac434000 	/System/Library/Frameworks/Carbon.framework/Versions/A/Frameworks/HIToolbox.framework/Versions/A/HIToolbox
0x00007fffc17dc000 	/usr/lib/libicucore.A.dylib
0x00007fffb2a22000 	/System/Library/Frameworks/QuartzCore.framework/Versions/A/QuartzCore
0x00007fffac800000 	/System/Library/Frameworks/Carbon.framework/Versions/A/Frameworks/SpeechRecognition.framework/Versions/A/SpeechRecognition
0x00007fffc11fb000 	/usr/lib/libauto.dylib
0x00007fffc2475000 	/usr/lib/libxml2.2.dylib
0x00007fffb8bc5000 	/System/Library/PrivateFrameworks/CoreUI.framework/Versions/A/CoreUI
0x00007fffaca31000 	/System/Library/Frameworks/CoreAudio.framework/Versions/A/CoreAudio
0x00007fffae75e000 	/System/Library/Frameworks/DiskArbitration.framework/Versions/A/DiskArbitration
0x00007fffc1a07000 	/usr/lib/liblangid.dylib
0x00007fffbca4e000 	/System/Library/PrivateFrameworks/MultitouchSupport.framework/Versions/A/MultitouchSupport
0x00007fffaee5c000 	/System/Library/Frameworks/IOKit.framework/Versions/A/IOKit
0x00007fffc0ea3000 	/usr/lib/libDiagnosticMessagesClient.dylib
0x00007fffadd42000 	/System/Library/Frameworks/CoreServices.framework/Versions/A/CoreServices
0x00007fffbd40b000 	/System/Library/PrivateFrameworks/PerformanceAnalysis.framework/Versions/A/PerformanceAnalysis
0x00007fffbae93000 	/System/Library/PrivateFrameworks/GenerationalStorage.framework/Versions/A/GenerationalStorage
0x00007fffb1ec2000 	/System/Library/Frameworks/OpenGL.framework/Versions/A/OpenGL
0x00007fffad99a000 	/System/Library/Frameworks/CoreImage.framework/Versions/A/CoreImage
0x00007fffae46b000 	/System/Library/Frameworks/CoreText.framework/Versions/A/CoreText
0x00007fffaef4c000 	/System/Library/Frameworks/ImageIO.framework/Versions/A/ImageIO
0x00007fffb6782000 	/System/Library/PrivateFrameworks/Backup.framework/Versions/A/Backup
0x00007fffc114f000 	/usr/lib/libarchive.2.dylib
0x00007fffac039000 	/System/Library/Frameworks/CFNetwork.framework/Versions/A/CFNetwork
0x00007fffb38b7000 	/System/Library/Frameworks/SystemConfiguration.framework/Versions/A/SystemConfiguration
0x00007fffc0dea000 	/usr/lib/libCRFSuite.dylib
0x00007fffc121c000 	/usr/lib/libc++.1.dylib
0x00007fffc1273000 	/usr/lib/libc++abi.dylib
0x00007fffc25af000 	/usr/lib/system/libcache.dylib
0x00007fffc25b4000 	/usr/lib/system/libcommonCrypto.dylib
0x00007fffc25bf000 	/usr/lib/system/libcompiler_rt.dylib
0x00007fffc25c7000 	/usr/lib/system/libcopyfile.dylib
0x00007fffc25d0000 	/usr/lib/system/libcorecrypto.dylib
0x00007fffc2654000 	/usr/lib/system/libdispatch.dylib
0x00007fffc2686000 	/usr/lib/system/libdyld.dylib
0x00007fffc268c000 	/usr/lib/system/libkeymgr.dylib
0x00007fffc269a000 	/usr/lib/system/liblaunch.dylib
0x00007fffc269b000 	/usr/lib/system/libmacho.dylib
0x00007fffc26a1000 	/usr/lib/system/libquarantine.dylib
0x00007fffc26a4000 	/usr/lib/system/libremovefile.dylib
0x00007fffc26a6000 	/usr/lib/system/libsystem_asl.dylib
0x00007fffc26bf000 	/usr/lib/system/libsystem_blocks.dylib
0x00007fffc26c0000 	/usr/lib/system/libsystem_c.dylib
0x00007fffc274e000 	/usr/lib/system/libsystem_configuration.dylib
0x00007fffc2752000 	/usr/lib/system/libsystem_coreservices.dylib
0x00007fffc2756000 	/usr/lib/system/libsystem_coretls.dylib
0x00007fffc276f000 	/usr/lib/system/libsystem_dnssd.dylib
0x00007fffc2776000 	/usr/lib/system/libsystem_info.dylib
0x00007fffc27a0000 	/usr/lib/system/libsystem_kernel.dylib
0x00007fffc27c3000 	/usr/lib/system/libsystem_m.dylib
0x00007fffc280b000 	/usr/lib/system/libsystem_malloc.dylib
0x00007fffc282a000 	/usr/lib/system/libsystem_network.dylib
0x00007fffc2884000 	/usr/lib/system/libsystem_networkextension.dylib
0x00007fffc288e000 	/usr/lib/system/libsystem_notify.dylib
0x00007fffc2898000 	/usr/lib/system/libsystem_platform.dylib
0x00007fffc28a1000 	/usr/lib/system/libsystem_pthread.dylib
0x00007fffc28ac000 	/usr/lib/system/libsystem_sandbox.dylib
0x00007fffc28b0000 	/usr/lib/system/libsystem_secinit.dylib
0x00007fffc28b2000 	/usr/lib/system/libsystem_symptoms.dylib
0x00007fffc28ba000 	/usr/lib/system/libsystem_trace.dylib
0x00007fffc28ce000 	/usr/lib/system/libunwind.dylib
0x00007fffc28d4000 	/usr/lib/system/libxpc.dylib
0x00007fffc11fc000 	/usr/lib/libbsm.0.dylib
0x00007fffc268d000 	/usr/lib/system/libkxld.dylib
0x00007fffc12c5000 	/usr/lib/libcoretls.dylib
0x00007fffc12c6000 	/usr/lib/libcoretls_cfhelpers.dylib
0x00007fffc10dc000 	/usr/lib/libOpenScriptingUtil.dylib
0x00007fffc2165000 	/usr/lib/libpam.2.dylib
0x00007fffc2224000 	/usr/lib/libsqlite3.dylib
0x00007fffc2467000 	/usr/lib/libxar.1.dylib
0x00007fffc120d000 	/usr/lib/libbz2.1.0.dylib
0x00007fffc1a09000 	/usr/lib/liblzma.5.dylib
0x00007fffc1d15000 	/usr/lib/libnetwork.dylib
0x00007fffc216a000 	/usr/lib/libpcap.A.dylib
0x00007fffae0a5000 	/System/Library/Frameworks/CoreServices.framework/Versions/A/Frameworks/FSEvents.framework/Versions/A/FSEvents
0x00007fffadd95000 	/System/Library/Frameworks/CoreServices.framework/Versions/A/Frameworks/CarbonCore.framework/Versions/A/CarbonCore
0x00007fffae21b000 	/System/Library/Frameworks/CoreServices.framework/Versions/A/Frameworks/Metadata.framework/Versions/A/Metadata
0x00007fffae2cc000 	/System/Library/Frameworks/CoreServices.framework/Versions/A/Frameworks/OSServices.framework/Versions/A/OSServices
0x00007fffae32c000 	/System/Library/Frameworks/CoreServices.framework/Versions/A/Frameworks/SearchKit.framework/Versions/A/SearchKit
0x00007fffadd43000 	/System/Library/Frameworks/CoreServices.framework/Versions/A/Frameworks/AE.framework/Versions/A/AE
0x00007fffae0ae000 	/System/Library/Frameworks/CoreServices.framework/Versions/A/Frameworks/LaunchServices.framework/Versions/A/LaunchServices
0x00007fffae071000 	/System/Library/Frameworks/CoreServices.framework/Versions/A/Frameworks/DictionaryServices.framework/Versions/A/DictionaryServices
0x00007fffae39d000 	/System/Library/Frameworks/CoreServices.framework/Versions/A/Frameworks/SharedFileList.framework/Versions/A/SharedFileList
0x00007fffb10e6000 	/System/Library/Frameworks/NetFS.framework/Versions/A/NetFS
0x00007fffbcb28000 	/System/Library/PrivateFrameworks/NetAuth.framework/Versions/A/NetAuth
0x00007fffc0d93000 	/System/Library/PrivateFrameworks/login.framework/Versions/A/Frameworks/loginsupport.framework/Versions/A/loginsupport
0x00007fffbf984000 	/System/Library/PrivateFrameworks/TCC.framework/Versions/A/TCC
0x00007fffc1a3a000 	/usr/lib/libmecabra.dylib
0x00007fffab7a1000 	/System/Library/Frameworks/ApplicationServices.framework/Versions/A/Frameworks/ATS.framework/Versions/A/ATS
0x00007fffabb20000 	/System/Library/Frameworks/ApplicationServices.framework/Versions/A/Frameworks/ColorSync.framework/Versions/A/ColorSync
0x00007fffabbcb000 	/System/Library/Frameworks/ApplicationServices.framework/Versions/A/Frameworks/HIServices.framework/Versions/A/HIServices
0x00007fffabc1d000 	/System/Library/Frameworks/ApplicationServices.framework/Versions/A/Frameworks/LangAnalysis.framework/Versions/A/LangAnalysis
0x00007fffabc2d000 	/System/Library/Frameworks/ApplicationServices.framework/Versions/A/Frameworks/PrintCore.framework/Versions/A/PrintCore
0x00007fffabc7b000 	/System/Library/Frameworks/ApplicationServices.framework/Versions/A/Frameworks/QD.framework/Versions/A/QD
0x00007fffabcb7000 	/System/Library/Frameworks/ApplicationServices.framework/Versions/A/Frameworks/SpeechSynthesis.framework/Versions/A/SpeechSynthesis
0x00007fffa99f0000 	/System/Library/Frameworks/Accelerate.framework/Versions/A/Frameworks/vImage.framework/Versions/A/vImage
0x00007fffaa6f6000 	/System/Library/Frameworks/Accelerate.framework/Versions/A/Frameworks/vecLib.framework/Versions/A/vecLib
0x00007fffaa4bb000 	/System/Library/Frameworks/Accelerate.framework/Versions/A/Frameworks/vecLib.framework/Versions/A/libvDSP.dylib
0x00007fffaa07c000 	/System/Library/Frameworks/Accelerate.framework/Versions/A/Frameworks/vecLib.framework/Versions/A/libBNNS.dylib
0x00007fffaa49f000 	/System/Library/Frameworks/Accelerate.framework/Versions/A/Frameworks/vecLib.framework/Versions/A/libQuadrature.dylib
0x00007fffaa643000 	/System/Library/Frameworks/Accelerate.framework/Versions/A/Frameworks/vecLib.framework/Versions/A/libvMisc.dylib
0x00007fffaa091000 	/System/Library/Frameworks/Accelerate.framework/Versions/A/Frameworks/vecLib.framework/Versions/A/libLAPACK.dylib
0x00007fffa9f0a000 	/System/Library/Frameworks/Accelerate.framework/Versions/A/Frameworks/vecLib.framework/Versions/A/libBLAS.dylib
0x00007fffaa488000 	/System/Library/Frameworks/Accelerate.framework/Versions/A/Frameworks/vecLib.framework/Versions/A/libLinearAlgebra.dylib
0x00007fffaa4a6000 	/System/Library/Frameworks/Accelerate.framework/Versions/A/Frameworks/vecLib.framework/Versions/A/libSparseBLAS.dylib
0x00007fffab8a9000 	/System/Library/Frameworks/ApplicationServices.framework/Versions/A/Frameworks/ATS.framework/Versions/A/Resources/libFontParser.dylib
0x00007fffab9d9000 	/System/Library/Frameworks/ApplicationServices.framework/Versions/A/Frameworks/ATS.framework/Versions/A/Resources/libFontRegistry.dylib
0x00007fffaf1a3000 	/System/Library/Frameworks/ImageIO.framework/Versions/A/Resources/libJPEG.dylib
0x00007fffaf1f2000 	/System/Library/Frameworks/ImageIO.framework/Versions/A/Resources/libTIFF.dylib
0x00007fffaf1c7000 	/System/Library/Frameworks/ImageIO.framework/Versions/A/Resources/libPng.dylib
0x00007fffaf0ad000 	/System/Library/Frameworks/ImageIO.framework/Versions/A/Resources/libGIF.dylib
0x00007fffaf0b2000 	/System/Library/Frameworks/ImageIO.framework/Versions/A/Resources/libJP2.dylib
0x00007fffaf1ef000 	/System/Library/Frameworks/ImageIO.framework/Versions/A/Resources/libRadiance.dylib
0x00007fffc12ae000 	/usr/lib/libcompression.dylib
0x00007fffb62c4000 	/System/Library/PrivateFrameworks/AppleJPEG.framework/Versions/A/AppleJPEG
0x00007fffc1603000 	/usr/lib/libcups.2.dylib
0x00007fffaffa9000 	/System/Library/Frameworks/Kerberos.framework/Versions/A/Kerberos
0x00007fffaecc7000 	/System/Library/Frameworks/GSS.framework/Versions/A/GSS
0x00007fffc21b8000 	/usr/lib/libresolv.9.dylib
0x00007fffc16e9000 	/usr/lib/libiconv.2.dylib
0x00007fffbb5c0000 	/System/Library/PrivateFrameworks/Heimdal.framework/Versions/A/Heimdal
0x00007fffc16e3000 	/usr/lib/libheimdal-asn1.dylib
0x00007fffb1337000 	/System/Library/Frameworks/OpenDirectory.framework/Versions/A/OpenDirectory
0x00007fffb7dd7000 	/System/Library/PrivateFrameworks/CommonAuth.framework/Versions/A/CommonAuth
0x00007fffb131d000 	/System/Library/Frameworks/OpenDirectory.framework/Versions/A/Frameworks/CFOpenDirectory.framework/Versions/A/CFOpenDirectory
0x00007fffb348d000 	/System/Library/Frameworks/SecurityFoundation.framework/Versions/A/SecurityFoundation
0x00007fffbbd78000 	/System/Library/PrivateFrameworks/LanguageModeling.framework/Versions/A/LanguageModeling
0x00007fffc1a23000 	/usr/lib/libmarisa.dylib
0x00007fffc0e06000 	/usr/lib/libChineseTokenizer.dylib
0x00007fffc129d000 	/usr/lib/libcmph.dylib
0x00007fffb8529000 	/System/Library/PrivateFrameworks/CoreEmoji.framework/Versions/A/CoreEmoji
0x00007fffb352d000 	/System/Library/Frameworks/ServiceManagement.framework/Versions/A/ServiceManagement
0x00007fffc2565000 	/usr/lib/libxslt.1.dylib
0x00007fffac748000 	/System/Library/Frameworks/Carbon.framework/Versions/A/Frameworks/Ink.framework/Versions/A/Ink
0x00007fffbfa16000 	/System/Library/PrivateFrameworks/TextureIO.framework/Versions/A/TextureIO
0x00007fffb07a2000 	/System/Library/Frameworks/Metal.framework/Versions/A/Metal
0x00007fffc117b000 	/usr/lib/libate.dylib
0x00007fffbabc2000 	/System/Library/PrivateFrameworks/GPUCompiler.framework/libmetal_timestamp.dylib
0x00007fffb1346000 	/System/Library/Frameworks/OpenGL.framework/Versions/A/Libraries/libCoreFSCache.dylib
0x00007fffbbc51000 	/System/Library/PrivateFrameworks/IOAccelerator.framework/Versions/A/IOAccelerator
0x00007fffae5b9000 	/System/Library/Frameworks/CoreVideo.framework/Versions/A/CoreVideo
0x00007fffc0ea5000 	/usr/lib/libFosl_dynamic.dylib
0x00007fffbc850000 	/System/Library/PrivateFrameworks/MetalPerformanceShaders.framework/Versions/A/MetalPerformanceShaders
0x00007fffb943a000 	/System/Library/PrivateFrameworks/FaceCore.framework/Versions/A/FaceCore
0x00007fffb12ce000 	/System/Library/Frameworks/OpenCL.framework/Versions/A/OpenCL
0x00007fffb1519000 	/System/Library/Frameworks/OpenGL.framework/Versions/A/Libraries/libGLU.dylib
0x00007fffb134f000 	/System/Library/Frameworks/OpenGL.framework/Versions/A/Libraries/libGFXShared.dylib
0x00007fffb1359000 	/System/Library/Frameworks/OpenGL.framework/Versions/A/Libraries/libGL.dylib
0x00007fffb1365000 	/System/Library/Frameworks/OpenGL.framework/Versions/A/Libraries/libGLImage.dylib
0x00007fffb1343000 	/System/Library/Frameworks/OpenGL.framework/Versions/A/Libraries/libCVMSPluginSupport.dylib
0x00007fffb134a000 	/System/Library/Frameworks/OpenGL.framework/Versions/A/Libraries/libCoreVMClient.dylib
0x00007fffb8e8b000 	/System/Library/PrivateFrameworks/CrashReporterSupport.framework/Versions/A/CrashReporterSupport
0x00007fffbe8e6000 	/System/Library/PrivateFrameworks/Sharing.framework/Versions/A/Sharing
0x00007fffbbc6f000 	/System/Library/PrivateFrameworks/IconServices.framework/Versions/A/IconServices
0x00007fffbdb34000 	/System/Library/PrivateFrameworks/ProtocolBuffer.framework/Versions/A/ProtocolBuffer
0x00007fffb61a7000 	/System/Library/PrivateFrameworks/Apple80211.framework/Versions/A/Apple80211
0x00007fffae5ef000 	/System/Library/Frameworks/CoreWLAN.framework/Versions/A/CoreWLAN
0x00007fffb8d05000 	/System/Library/PrivateFrameworks/CoreUtils.framework/Versions/A/CoreUtils
0x00007fffaedb8000 	/System/Library/Frameworks/IOBluetooth.framework/Versions/A/IOBluetooth
0x00007fffb8e25000 	/System/Library/PrivateFrameworks/CoreWiFi.framework/Versions/A/CoreWiFi
0x00007fffacabf000 	/System/Library/Frameworks/CoreBluetooth.framework/Versions/A/CoreBluetooth
0x00007fffacdcf000 	/System/Library/Frameworks/CoreDisplay.framework/Versions/A/CoreDisplay
0x00007fffbbc5a000 	/System/Library/PrivateFrameworks/IOPresentment.framework/Versions/A/IOPresentment
0x00007fffb8f16000 	/System/Library/PrivateFrameworks/DSExternalDisplay.framework/Versions/A/DSExternalDisplay
0x00007fffb9001000 	/System/Library/PrivateFrameworks/DebugSymbols.framework/Versions/A/DebugSymbols
0x00007fffb8b35000 	/System/Library/PrivateFrameworks/CoreSymbolication.framework/Versions/A/CoreSymbolication
0x00007fffbf4d1000 	/System/Library/PrivateFrameworks/Symbolication.framework/Versions/A/Symbolication
0x00007fffb61ca000 	/System/Library/PrivateFrameworks/AppleFSCompression.framework/Versions/A/AppleFSCompression
0x00007fffbedd9000 	/System/Library/PrivateFrameworks/SpeechRecognitionCore.framework/Versions/A/SpeechRecognitionCore
0x00007fffb748b000 	/System/Library/PrivateFrameworks/ChunkingLibrary.framework/Versions/A/ChunkingLibrary
0x0000000101000000 	/Library/Java/JavaVirtualMachines/jdk-9.0.4.jdk/Contents/Home/lib/server/libjvm.dylib
0x00007fffc23ce000 	/usr/lib/libstdc++.6.dylib
0x00000001006da000 	/Library/Java/JavaVirtualMachines/jdk-9.0.4.jdk/Contents/Home/lib/libverify.dylib
0x00000001006e7000 	/Library/Java/JavaVirtualMachines/jdk-9.0.4.jdk/Contents/Home/lib/libjava.dylib
0x000000010071d000 	/Library/Java/JavaVirtualMachines/jdk-9.0.4.jdk/Contents/Home/lib/libjdwp.dylib
0x000000010075a000 	/Library/Java/JavaVirtualMachines/jdk-9.0.4.jdk/Contents/Home/lib/libinstrument.dylib
0x00000001007af000 	/Library/Java/JavaVirtualMachines/jdk-9.0.4.jdk/Contents/Home/lib/libzip.dylib
0x00000001007b7000 	/Library/Java/JavaVirtualMachines/jdk-9.0.4.jdk/Contents/Home/lib/libjimage.dylib
0x00000001007d6000 	/Library/Java/JavaVirtualMachines/jdk-9.0.4.jdk/Contents/Home/lib/libnio.dylib
0x00000001007e6000 	/Library/Java/JavaVirtualMachines/jdk-9.0.4.jdk/Contents/Home/lib/./libnet.dylib
0x0000000109f7e000 	/Library/Java/JavaVirtualMachines/jdk-9.0.4.jdk/Contents/Home/lib/libdt_socket.dylib

VM Arguments:
jvm_args: -agentlib:jdwp=transport=dt_socket,address=127.0.0.1:52689,suspend=y,server=n -javaagent:/Users/mollyroseclarfeld/Library/Caches/IntelliJIdea2017.3/captureAgent/debugger-agent.jar=/private/var/folders/hy/q56dnb993f7dvrs_g1ymnxh40000gn/T/capture.props -Dfile.encoding=UTF-8 
java_command: lexer.LexicalAnalyzer
java_class_path (initial): /Users/mollyroseclarfeld/Documents/Vassar College/junior/second semester /compilers/Parser/out/production/Compiler:/Applications/IntelliJ IDEA.app/Contents/lib/idea_rt.jar
Launcher Type: SUN_STANDARD

Logging:
Log output configuration:
#0: stdout all=warning uptime,level,tags
#1: stderr all=off uptime,level,tags

Environment Variables:
PATH=/Library/Frameworks/Python.framework/Versions/3.6/bin:/Library/Frameworks/Python.framework/Versions/3.6/bin:/usr/local/bin:/usr/bin:/bin:/usr/sbin:/sbin:/opt/X11/bin:/Library/TeX/texbin
SHELL=/bin/bash
DISPLAY=/private/tmp/com.apple.launchd.JEg8UjmkZL/org.macosforge.xquartz:0

Signal Handlers:
SIGSEGV: [libjvm.dylib+0x73f3dc], sa_mask[0]=11111111011111110111111111111111, sa_flags=SA_ONSTACK|SA_RESTART|SA_SIGINFO
SIGBUS: [libjvm.dylib+0x73f3dc], sa_mask[0]=11111111011111110111111111111111, sa_flags=SA_RESTART|SA_SIGINFO
SIGFPE: [libjvm.dylib+0x73f3dc], sa_mask[0]=11111111011111110111111111111111, sa_flags=SA_RESTART|SA_SIGINFO
SIGPIPE: [libjvm.dylib+0x5f233c], sa_mask[0]=11111111011111110111111111111111, sa_flags=SA_RESTART|SA_SIGINFO
SIGXFSZ: [libjvm.dylib+0x5f233c], sa_mask[0]=11111111011111110111111111111111, sa_flags=SA_RESTART|SA_SIGINFO
SIGILL: [libjvm.dylib+0x73f3dc], sa_mask[0]=11111111011111110111111111111111, sa_flags=SA_RESTART|SA_SIGINFO
SIGUSR2: [libjvm.dylib+0x5f2bcc], sa_mask[0]=00100000000000000000000000000000, sa_flags=SA_RESTART|SA_SIGINFO
SIGHUP: [libjvm.dylib+0x5f1409], sa_mask[0]=11111111011111110111111111111111, sa_flags=SA_RESTART|SA_SIGINFO
SIGINT: [libjvm.dylib+0x5f1409], sa_mask[0]=11111111011111110111111111111111, sa_flags=SA_RESTART|SA_SIGINFO
SIGTERM: [libjvm.dylib+0x5f1409], sa_mask[0]=11111111011111110111111111111111, sa_flags=SA_RESTART|SA_SIGINFO
SIGQUIT: [libjvm.dylib+0x5f1409], sa_mask[0]=11111111011111110111111111111111, sa_flags=SA_RESTART|SA_SIGINFO


---------------  S Y S T E M  ---------------

OS:uname:Darwin 16.7.0 Darwin Kernel Version 16.7.0: Mon Nov 13 21:56:25 PST 2017; root:xnu-3789.72.11~1/RELEASE_X86_64 x86_64
rlimit: STACK 8192k, CORE 0k, NPROC 709, NOFILE 10240, AS infinity
load average:13.15 12.38 11.77

CPU:total 4 (initial active 4) (2 cores per cpu, 2 threads per core) family 6 model 61 stepping 4, cmov, cx8, fxsr, mmx, sse, sse2, sse3, ssse3, sse4.1, sse4.2, popcnt, avx, avx2, aes, clmul, erms, rtm, 3dnowpref, lzcnt, ht, tsc, tscinvbit, bmi1, bmi2, adx, fma

Memory: 4k page, physical 8388608k(132436k free)

vm_info: Java HotSpot(TM) 64-Bit Server VM (9.0.4+11) for bsd-amd64 JRE (9.0.4+11), built on Dec 20 2017 02:08:50 by "mach5one" with gcc 4.2.1 Compatible Apple LLVM 6.1.0 (clang-602.0.49)

END.
